#
# There is insufficient memory for the Java Runtime Environment to continue.
# Native memory allocation (malloc) failed to allocate 1587376 bytes for Chunk::new
# Possible reasons:
#   The system is out of physical RAM or swap space
#   The process is running with CompressedOops enabled, and the Java Heap may be blocking the growth of the native heap
# Possible solutions:
#   Reduce memory load on the system
#   Increase physical memory or swap space
#   Check if swap backing store is full
#   Decrease Java heap size (-Xmx/-Xms)
#   Decrease number of Java threads
#   Decrease Java thread stack sizes (-Xss)
#   Set larger code cache with -XX:ReservedCodeCacheSize=
#   JVM is running with Unscaled Compressed Oops mode in which the Java heap is
#     placed in the first 4GB address space. The Java Heap base address is the
#     maximum limit for the native heap growth. Please use -XX:HeapBaseMinAddress
#     to set the Java Heap base and to place the Java Heap above 4GB virtual address.
# This output file may be truncated or incomplete.
#
#  Out of Memory Error (./src/hotspot/share/memory/arena.cpp:197), pid=11864, tid=1840
#
# JRE version: OpenJDK Runtime Environment (11.0.8+10) (build 11.0.8+10-b944.6842174)
# Java VM: OpenJDK 64-Bit Server VM (11.0.8+10-b944.6842174, mixed mode, tiered, compressed oops, g1 gc, windows-amd64)
# No core dump will be written. Minidumps are not enabled by default on client versions of Windows
#

---------------  S U M M A R Y ------------

Command Line: --add-opens=java.base/java.util=ALL-UNNAMED --add-opens=java.base/java.lang=ALL-UNNAMED --add-opens=java.base/java.lang.invoke=ALL-UNNAMED --add-opens=java.prefs/java.util.prefs=ALL-UNNAMED -Xmx2048m -Dfile.encoding=UTF-8 -Duser.country=RU -Duser.language=ru -Duser.variant org.gradle.launcher.daemon.bootstrap.GradleDaemon 6.7.1

Host: Intel(R) Core(TM) i3-6006U CPU @ 2.00GHz, 4 cores, 3G,  Windows 10 , 64 bit Build 19041 (10.0.19041.1202)
Time: Thu Sep 23 15:47:48 2021 RTZ 2 (зима) elapsed time: 12829 seconds (0d 3h 33m 49s)

---------------  T H R E A D  ---------------

Current thread (0x00000238b216b000):  JavaThread "C2 CompilerThread0" daemon [_thread_in_native, id=1840, stack(0x0000009af6e00000,0x0000009af6f00000)]


Current CompileTask:
C2:12829737 18744       4       com.google.common.collect.LinkedListMultimap$DistinctKeyIterator::next (81 bytes)

Stack: [0x0000009af6e00000,0x0000009af6f00000]
Native frames: (J=compiled Java code, j=interpreted, Vv=VM code, C=native code)
V  [jvm.dll+0x5de50a]
V  [jvm.dll+0x7122f5]
V  [jvm.dll+0x71384d]
V  [jvm.dll+0x713f03]
V  [jvm.dll+0x23e728]
V  [jvm.dll+0xb899c]
V  [jvm.dll+0xb8e9c]
V  [jvm.dll+0x35024d]
V  [jvm.dll+0x31dea3]
V  [jvm.dll+0x31d39a]
V  [jvm.dll+0x1f7702]
V  [jvm.dll+0x1f68d4]
V  [jvm.dll+0x17f32c]
V  [jvm.dll+0x205047]
V  [jvm.dll+0x203891]
V  [jvm.dll+0x6dad3f]
V  [jvm.dll+0x6d3895]
V  [jvm.dll+0x5dd4a6]
C  [ucrtbase.dll+0x21bb2]
C  [KERNEL32.DLL+0x17034]
C  [ntdll.dll+0x52651]


---------------  P R O C E S S  ---------------

Threads class SMR info:
_java_thread_list=0x00000238b2c1a250, length=160, elements={
0x0000023897f7c000, 0x00000238b214c800, 0x00000238b2157800, 0x00000238b2168000,
0x00000238b216a000, 0x00000238b216b000, 0x00000238b21ba800, 0x00000238b21be000,
0x00000238b2c4e800, 0x00000238b2c77800, 0x00000238b49fa800, 0x00000238b4cd7000,
0x00000238b4e3d800, 0x00000238b4299000, 0x00000238b4298000, 0x00000238b429a000,
0x00000238b50dd000, 0x00000238b50e0800, 0x00000238b7b7d800, 0x00000238b7b38800,
0x00000238b7b3c000, 0x00000238b7b36800, 0x00000238b7b39800, 0x00000238b7b37000,
0x00000238b7b3d800, 0x00000238b7b38000, 0x00000238b7b3d000, 0x00000238b7b3e800,
0x00000238b7b41000, 0x00000238b7b40000, 0x00000238b7b3b000, 0x00000238b7b41800,
0x00000238b7b45000, 0x00000238b7b42800, 0x00000238b7b43800, 0x00000238b7b44000,
0x00000238b7b74800, 0x00000238b7b72000, 0x00000238b7b72800, 0x00000238b7b71000,
0x00000238b7b76000, 0x00000238b7b77800, 0x00000238b7b76800, 0x00000238b7b75000,
0x00000238b7b78800, 0x00000238b7b79000, 0x00000238b7b73800, 0x00000238b7b7f800,
0x00000238b7b7b000, 0x00000238b7b7a000, 0x00000238b7b7b800, 0x00000238b7b7c800,
0x00000238b50e2000, 0x00000238b50df000, 0x00000238b50e3000, 0x00000238b50df800,
0x00000238b50de000, 0x00000238b50e6000, 0x00000238b50e9800, 0x00000238b50e5800,
0x00000238b50e7000, 0x00000238b50ea000, 0x00000238b50e4800, 0x00000238b50e8000,
0x00000238b50eb000, 0x00000238b50ec000, 0x00000238b50e8800, 0x00000238b429a800,
0x00000238b56b6800, 0x00000238b56b2800, 0x00000238b56b5000, 0x00000238b56b6000,
0x00000238b56b2000, 0x00000238b56b7800, 0x00000238b56b4000, 0x00000238b56b9000,
0x00000238b56b8800, 0x00000238b56b3800, 0x00000238b56bf000, 0x00000238b56bb000,
0x00000238b56bd000, 0x00000238b56be000, 0x00000238b56ba000, 0x00000238b56bf800,
0x00000238b56bb800, 0x00000238b56bc800, 0x00000238b56c0800, 0x00000238b7c02000,
0x00000238b7bff800, 0x00000238b7bff000, 0x00000238b7bfd000, 0x00000238b7bfc800,
0x00000238b7bfe000, 0x00000238b7c03000, 0x00000238b7c00800, 0x00000238b7c01800,
0x00000238b8910800, 0x00000238b8913000, 0x00000238b8914800, 0x00000238b8917000,
0x00000238b8911000, 0x00000238b8912000, 0x00000238b8915000, 0x00000238b8913800,
0x00000238b8916000, 0x00000238bb4de000, 0x00000238bb4da000, 0x00000238bb4db800,
0x00000238bb4d9800, 0x00000238bb4e0000, 0x00000238bb4dc800, 0x00000238bb4dd800,
0x00000238bb4db000, 0x00000238bb4e4800, 0x00000238bb4e4000, 0x00000238bb4df000,
0x00000238bb4e3000, 0x00000238bb4e6800, 0x00000238bb4e5800, 0x00000238bb4e2000,
0x00000238bb4e0800, 0x00000238bb4e7000, 0x00000238bb4e1800, 0x00000238bb4e8000,
0x00000238b8efe800, 0x00000238b8f05000, 0x00000238b8f02800, 0x00000238b8f04000,
0x00000238b8eff000, 0x00000238b8f05800, 0x00000238b8f03800, 0x00000238b8f00000,
0x00000238b8f06800, 0x00000238b8f01000, 0x00000238b8f07800, 0x00000238b8f01800,
0x00000238b8f0c000, 0x00000238b8f0a000, 0x00000238b8f08000, 0x00000238b8f09000,
0x00000238b8f0d000, 0x00000238b8f0a800, 0x00000238b8f0b800, 0x00000238bb515000,
0x00000238bb512800, 0x00000238bb512000, 0x00000238bb518800, 0x00000238bb513800,
0x00000238bb51a000, 0x00000238bb519800, 0x00000238bb517000, 0x00000238bb516000,
0x00000238bb514800, 0x00000238bb51b000, 0x00000238bb51b800, 0x00000238bb51d800,
0x00000238bb51c800, 0x00000238bb517800, 0x00000238bb51e000, 0x00000238bb51f000
}

Java Threads: ( => current thread )
  0x0000023897f7c000 JavaThread "main" [_thread_blocked, id=15016, stack(0x0000009af6300000,0x0000009af6400000)]
  0x00000238b214c800 JavaThread "Reference Handler" daemon [_thread_blocked, id=2136, stack(0x0000009af6a00000,0x0000009af6b00000)]
  0x00000238b2157800 JavaThread "Finalizer" daemon [_thread_blocked, id=15732, stack(0x0000009af6b00000,0x0000009af6c00000)]
  0x00000238b2168000 JavaThread "Signal Dispatcher" daemon [_thread_blocked, id=15476, stack(0x0000009af6c00000,0x0000009af6d00000)]
  0x00000238b216a000 JavaThread "Attach Listener" daemon [_thread_blocked, id=15932, stack(0x0000009af6d00000,0x0000009af6e00000)]
=>0x00000238b216b000 JavaThread "C2 CompilerThread0" daemon [_thread_in_native, id=1840, stack(0x0000009af6e00000,0x0000009af6f00000)]
  0x00000238b21ba800 JavaThread "C1 CompilerThread0" daemon [_thread_blocked, id=12940, stack(0x0000009af6f00000,0x0000009af7000000)]
  0x00000238b21be000 JavaThread "Sweeper thread" daemon [_thread_blocked, id=11344, stack(0x0000009af7000000,0x0000009af7100000)]
  0x00000238b2c4e800 JavaThread "Common-Cleaner" daemon [_thread_blocked, id=9592, stack(0x0000009af7100000,0x0000009af7200000)]
  0x00000238b2c77800 JavaThread "Service Thread" daemon [_thread_blocked, id=12292, stack(0x0000009af7200000,0x0000009af7300000)]
  0x00000238b49fa800 JavaThread "Daemon health stats" [_thread_blocked, id=14276, stack(0x0000009af7500000,0x0000009af7600000)]
  0x00000238b4cd7000 JavaThread "Incoming local TCP Connector on port 56303" [_thread_in_native, id=14672, stack(0x0000009af7a00000,0x0000009af7b00000)]
  0x00000238b4e3d800 JavaThread "Daemon periodic checks" [_thread_blocked, id=6372, stack(0x0000009af7b00000,0x0000009af7c00000)]
  0x00000238b4299000 JavaThread "Cache worker for file hash cache (C:\Users\nekra\.gradle\caches\6.7.1\fileHashes)" [_thread_blocked, id=15864, stack(0x0000009af8300000,0x0000009af8400000)]
  0x00000238b4298000 JavaThread "File lock request listener" [_thread_in_native, id=4896, stack(0x0000009af8400000,0x0000009af8500000)]
  0x00000238b429a000 JavaThread "Cache worker for journal cache (C:\Users\nekra\.gradle\caches\journal-1)" [_thread_blocked, id=1476, stack(0x0000009af8500000,0x0000009af8600000)]
  0x00000238b50dd000 JavaThread "Cache worker for execution history cache (C:\Users\nekra\.gradle\caches\6.7.1\executionHistory)" [_thread_blocked, id=11780, stack(0x0000009af9f00000,0x0000009afa000000)]
  0x00000238b50e0800 JavaThread "Cache worker for file content cache (C:\Users\nekra\.gradle\caches\6.7.1\fileContent)" [_thread_blocked, id=16308, stack(0x0000009afa000000,0x0000009afa100000)]
  0x00000238b7b7d800 JavaThread "Memory manager" [_thread_blocked, id=16540, stack(0x0000009a80800000,0x0000009a80900000)]
  0x00000238b7b38800 JavaThread "Daemon Thread 3" [_thread_blocked, id=12624, stack(0x0000009a80000000,0x0000009a80100000)]
  0x00000238b7b3c000 JavaThread "Handler for socket connection from /127.0.0.1:56303 to /127.0.0.1:52875" [_thread_in_native, id=7008, stack(0x0000009a80300000,0x0000009a80400000)]
  0x00000238b7b36800 JavaThread "Cancel handler" [_thread_blocked, id=16696, stack(0x0000009a80500000,0x0000009a80600000)]
  0x00000238b7b39800 JavaThread "Daemon worker Thread 3" [_thread_blocked, id=16192, stack(0x0000009a80600000,0x0000009a80700000)]
  0x00000238b7b37000 JavaThread "Asynchronous log dispatcher for DefaultDaemonConnection: socket connection from /127.0.0.1:56303 to /127.0.0.1:52875" [_thread_blocked, id=15640, stack(0x0000009a80700000,0x0000009a80800000)]
  0x00000238b7b3d800 JavaThread "Thread-290" [_thread_blocked, id=16672, stack(0x0000009a80a00000,0x0000009a80b00000)]
  0x00000238b7b38000 JavaThread "Cache worker for file hash cache (C:\Users\nekra\AndroidStudioProjects\MyApplication4\.gradle\6.7.1\fileHashes)" [_thread_blocked, id=15868, stack(0x0000009a80b00000,0x0000009a80c00000)]
  0x00000238b7b3d000 JavaThread "Cache worker for checksums cache (C:\Users\nekra\AndroidStudioProjects\MyApplication4\.gradle\checksums)" [_thread_blocked, id=16872, stack(0x0000009a80c00000,0x0000009a80d00000)]
  0x00000238b7b3e800 JavaThread "Cache worker for cache directory md-supplier (C:\Users\nekra\.gradle\caches\6.7.1\md-supplier)" [_thread_blocked, id=10788, stack(0x0000009a80d00000,0x0000009a80e00000)]
  0x00000238b7b41000 JavaThread "Cache worker for cache directory md-rule (C:\Users\nekra\.gradle\caches\6.7.1\md-rule)" [_thread_blocked, id=10252, stack(0x0000009a80e00000,0x0000009a80f00000)]
  0x00000238b7b40000 JavaThread "Cache worker for Build Output Cleanup Cache (C:\Users\nekra\AndroidStudioProjects\MyApplication4\.gradle\buildOutputCleanup)" [_thread_blocked, id=3232, stack(0x0000009a80f00000,0x0000009a81000000)]
  0x00000238b7b3b000 JavaThread "Build operations" [_thread_blocked, id=8804, stack(0x0000009a81000000,0x0000009a81100000)]
  0x00000238b7b41800 JavaThread "Build operations Thread 2" [_thread_blocked, id=4032, stack(0x0000009a81100000,0x0000009a81200000)]
  0x00000238b7b45000 JavaThread "Build operations Thread 3" [_thread_blocked, id=14916, stack(0x0000009a81200000,0x0000009a81300000)]
  0x00000238b7b42800 JavaThread "Build operations Thread 4" [_thread_blocked, id=7988, stack(0x0000009a81300000,0x0000009a81400000)]
  0x00000238b7b43800 JavaThread "jar transforms Thread 239" [_thread_blocked, id=8912, stack(0x0000009a81400000,0x0000009a81500000)]
  0x00000238b7b44000 JavaThread "jar transforms Thread 240" [_thread_blocked, id=15564, stack(0x0000009a81500000,0x0000009a81600000)]
  0x00000238b7b74800 JavaThread "jar transforms Thread 241" [_thread_blocked, id=5528, stack(0x0000009a81600000,0x0000009a81700000)]
  0x00000238b7b72000 JavaThread "jar transforms Thread 242" [_thread_blocked, id=5632, stack(0x0000009a81700000,0x0000009a81800000)]
  0x00000238b7b72800 JavaThread "jar transforms Thread 243" [_thread_blocked, id=10680, stack(0x0000009a81800000,0x0000009a81900000)]
  0x00000238b7b71000 JavaThread "jar transforms Thread 244" [_thread_blocked, id=9576, stack(0x0000009a81900000,0x0000009a81a00000)]
  0x00000238b7b76000 JavaThread "jar transforms Thread 245" [_thread_blocked, id=13132, stack(0x0000009a81a00000,0x0000009a81b00000)]
  0x00000238b7b77800 JavaThread "jar transforms Thread 246" [_thread_blocked, id=15144, stack(0x0000009a81b00000,0x0000009a81c00000)]
  0x00000238b7b76800 JavaThread "jar transforms Thread 247" [_thread_blocked, id=14256, stack(0x0000009a81c00000,0x0000009a81d00000)]
  0x00000238b7b75000 JavaThread "jar transforms Thread 248" [_thread_blocked, id=9280, stack(0x0000009a81d00000,0x0000009a81e00000)]
  0x00000238b7b78800 JavaThread "jar transforms Thread 249" [_thread_blocked, id=12108, stack(0x0000009a81e00000,0x0000009a81f00000)]
  0x00000238b7b79000 JavaThread "jar transforms Thread 250" [_thread_blocked, id=16724, stack(0x0000009a81f00000,0x0000009a82000000)]
  0x00000238b7b73800 JavaThread "jar transforms Thread 251" [_thread_blocked, id=16476, stack(0x0000009a82000000,0x0000009a82100000)]
  0x00000238b7b7f800 JavaThread "jar transforms Thread 252" [_thread_blocked, id=15824, stack(0x0000009a82100000,0x0000009a82200000)]
  0x00000238b7b7b000 JavaThread "jar transforms Thread 253" [_thread_blocked, id=14008, stack(0x0000009a82200000,0x0000009a82300000)]
  0x00000238b7b7a000 JavaThread "jar transforms Thread 254" [_thread_blocked, id=7536, stack(0x0000009a82300000,0x0000009a82400000)]
  0x00000238b7b7b800 JavaThread "jar transforms Thread 255" [_thread_blocked, id=8228, stack(0x0000009a82400000,0x0000009a82500000)]
  0x00000238b7b7c800 JavaThread "jar transforms Thread 256" [_thread_blocked, id=6664, stack(0x0000009a82500000,0x0000009a82600000)]
  0x00000238b50e2000 JavaThread "jar transforms Thread 257" [_thread_blocked, id=14656, stack(0x0000009a82600000,0x0000009a82700000)]
  0x00000238b50df000 JavaThread "jar transforms Thread 258" [_thread_blocked, id=15184, stack(0x0000009a82700000,0x0000009a82800000)]
  0x00000238b50e3000 JavaThread "jar transforms Thread 259" [_thread_blocked, id=16932, stack(0x0000009a82800000,0x0000009a82900000)]
  0x00000238b50df800 JavaThread "jar transforms Thread 260" [_thread_blocked, id=7688, stack(0x0000009a82900000,0x0000009a82a00000)]
  0x00000238b50de000 JavaThread "jar transforms Thread 261" [_thread_blocked, id=2444, stack(0x0000009a82a00000,0x0000009a82b00000)]
  0x00000238b50e6000 JavaThread "jar transforms Thread 262" [_thread_blocked, id=10552, stack(0x0000009a82b00000,0x0000009a82c00000)]
  0x00000238b50e9800 JavaThread "jar transforms Thread 263" [_thread_blocked, id=7888, stack(0x0000009a82c00000,0x0000009a82d00000)]
  0x00000238b50e5800 JavaThread "jar transforms Thread 264" [_thread_blocked, id=5076, stack(0x0000009a82d00000,0x0000009a82e00000)]
  0x00000238b50e7000 JavaThread "jar transforms Thread 265" [_thread_blocked, id=15908, stack(0x0000009a82e00000,0x0000009a82f00000)]
  0x00000238b50ea000 JavaThread "jar transforms Thread 266" [_thread_blocked, id=12116, stack(0x0000009a82f00000,0x0000009a83000000)]
  0x00000238b50e4800 JavaThread "jar transforms Thread 267" [_thread_blocked, id=16888, stack(0x0000009a83000000,0x0000009a83100000)]
  0x00000238b50e8000 JavaThread "jar transforms Thread 268" [_thread_blocked, id=17324, stack(0x0000009a83100000,0x0000009a83200000)]
  0x00000238b50eb000 JavaThread "jar transforms Thread 269" [_thread_blocked, id=15100, stack(0x0000009a83200000,0x0000009a83300000)]
  0x00000238b50ec000 JavaThread "jar transforms Thread 270" [_thread_blocked, id=6260, stack(0x0000009a83300000,0x0000009a83400000)]
  0x00000238b50e8800 JavaThread "jar transforms Thread 271" [_thread_blocked, id=6720, stack(0x0000009a83400000,0x0000009a83500000)]
  0x00000238b429a800 JavaThread "jar transforms Thread 272" [_thread_blocked, id=3568, stack(0x0000009a83500000,0x0000009a83600000)]
  0x00000238b56b6800 JavaThread "jar transforms Thread 273" [_thread_blocked, id=10564, stack(0x0000009a83600000,0x0000009a83700000)]
  0x00000238b56b2800 JavaThread "jar transforms Thread 274" [_thread_blocked, id=16600, stack(0x0000009a83700000,0x0000009a83800000)]
  0x00000238b56b5000 JavaThread "jar transforms Thread 275" [_thread_blocked, id=9072, stack(0x0000009a83800000,0x0000009a83900000)]
  0x00000238b56b6000 JavaThread "jar transforms Thread 276" [_thread_blocked, id=14528, stack(0x0000009a83900000,0x0000009a83a00000)]
  0x00000238b56b2000 JavaThread "jar transforms Thread 277" [_thread_blocked, id=1000, stack(0x0000009a83a00000,0x0000009a83b00000)]
  0x00000238b56b7800 JavaThread "jar transforms Thread 278" [_thread_blocked, id=16380, stack(0x0000009a83b00000,0x0000009a83c00000)]
  0x00000238b56b4000 JavaThread "jar transforms Thread 279" [_thread_blocked, id=9732, stack(0x0000009a83c00000,0x0000009a83d00000)]
  0x00000238b56b9000 JavaThread "jar transforms Thread 280" [_thread_blocked, id=2544, stack(0x0000009a83d00000,0x0000009a83e00000)]
  0x00000238b56b8800 JavaThread "jar transforms Thread 281" [_thread_blocked, id=2728, stack(0x0000009a83e00000,0x0000009a83f00000)]
  0x00000238b56b3800 JavaThread "jar transforms Thread 282" [_thread_blocked, id=10508, stack(0x0000009a83f00000,0x0000009a84000000)]
  0x00000238b56bf000 JavaThread "jar transforms Thread 283" [_thread_blocked, id=12456, stack(0x0000009a84000000,0x0000009a84100000)]
  0x00000238b56bb000 JavaThread "jar transforms Thread 284" [_thread_blocked, id=15616, stack(0x0000009a84100000,0x0000009a84200000)]
  0x00000238b56bd000 JavaThread "jar transforms Thread 285" [_thread_blocked, id=15188, stack(0x0000009a84200000,0x0000009a84300000)]
  0x00000238b56be000 JavaThread "jar transforms Thread 286" [_thread_blocked, id=5192, stack(0x0000009a84300000,0x0000009a84400000)]
  0x00000238b56ba000 JavaThread "jar transforms Thread 287" [_thread_blocked, id=14612, stack(0x0000009a84400000,0x0000009a84500000)]
  0x00000238b56bf800 JavaThread "jar transforms Thread 288" [_thread_blocked, id=11920, stack(0x0000009a84500000,0x0000009a84600000)]
  0x00000238b56bb800 JavaThread "jar transforms Thread 289" [_thread_blocked, id=7160, stack(0x0000009a84600000,0x0000009a84700000)]
  0x00000238b56bc800 JavaThread "jar transforms Thread 290" [_thread_blocked, id=16968, stack(0x0000009a84700000,0x0000009a84800000)]
  0x00000238b56c0800 JavaThread "jar transforms Thread 291" [_thread_blocked, id=12612, stack(0x0000009a84800000,0x0000009a84900000)]
  0x00000238b7c02000 JavaThread "jar transforms Thread 292" [_thread_blocked, id=5956, stack(0x0000009a84900000,0x0000009a84a00000)]
  0x00000238b7bff800 JavaThread "jar transforms Thread 293" [_thread_blocked, id=15680, stack(0x0000009a84a00000,0x0000009a84b00000)]
  0x00000238b7bff000 JavaThread "jar transforms Thread 294" [_thread_blocked, id=11160, stack(0x0000009a84b00000,0x0000009a84c00000)]
  0x00000238b7bfd000 JavaThread "jar transforms Thread 295" [_thread_blocked, id=964, stack(0x0000009a84c00000,0x0000009a84d00000)]
  0x00000238b7bfc800 JavaThread "jar transforms Thread 296" [_thread_blocked, id=4384, stack(0x0000009a84d00000,0x0000009a84e00000)]
  0x00000238b7bfe000 JavaThread "jar transforms Thread 297" [_thread_blocked, id=604, stack(0x0000009a84e00000,0x0000009a84f00000)]
  0x00000238b7c03000 JavaThread "jar transforms Thread 298" [_thread_blocked, id=12948, stack(0x0000009a84f00000,0x0000009a85000000)]
  0x00000238b7c00800 JavaThread "jar transforms Thread 299" [_thread_blocked, id=3464, stack(0x0000009a85000000,0x0000009a85100000)]
  0x00000238b7c01800 JavaThread "jar transforms Thread 300" [_thread_blocked, id=14212, stack(0x0000009a85100000,0x0000009a85200000)]
  0x00000238b8910800 JavaThread "jar transforms Thread 301" [_thread_blocked, id=4120, stack(0x0000009a85200000,0x0000009a85300000)]
  0x00000238b8913000 JavaThread "jar transforms Thread 302" [_thread_blocked, id=564, stack(0x0000009a85300000,0x0000009a85400000)]
  0x00000238b8914800 JavaThread "jar transforms Thread 303" [_thread_blocked, id=9176, stack(0x0000009a85400000,0x0000009a85500000)]
  0x00000238b8917000 JavaThread "jar transforms Thread 304" [_thread_blocked, id=9128, stack(0x0000009a85500000,0x0000009a85600000)]
  0x00000238b8911000 JavaThread "jar transforms Thread 305" [_thread_blocked, id=9392, stack(0x0000009a85600000,0x0000009a85700000)]
  0x00000238b8912000 JavaThread "jar transforms Thread 306" [_thread_blocked, id=16276, stack(0x0000009a85700000,0x0000009a85800000)]
  0x00000238b8915000 JavaThread "jar transforms Thread 307" [_thread_blocked, id=12328, stack(0x0000009a85800000,0x0000009a85900000)]
  0x00000238b8913800 JavaThread "jar transforms Thread 308" [_thread_blocked, id=10736, stack(0x0000009a85900000,0x0000009a85a00000)]
  0x00000238b8916000 JavaThread "jar transforms Thread 309" [_thread_blocked, id=16676, stack(0x0000009a85a00000,0x0000009a85b00000)]
  0x00000238bb4de000 JavaThread "jar transforms Thread 310" [_thread_blocked, id=10556, stack(0x0000009a85b00000,0x0000009a85c00000)]
  0x00000238bb4da000 JavaThread "jar transforms Thread 311" [_thread_blocked, id=17340, stack(0x0000009a85c00000,0x0000009a85d00000)]
  0x00000238bb4db800 JavaThread "jar transforms Thread 312" [_thread_blocked, id=7772, stack(0x0000009a85d00000,0x0000009a85e00000)]
  0x00000238bb4d9800 JavaThread "jar transforms Thread 313" [_thread_blocked, id=10548, stack(0x0000009a85e00000,0x0000009a85f00000)]
  0x00000238bb4e0000 JavaThread "jar transforms Thread 314" [_thread_blocked, id=7664, stack(0x0000009a85f00000,0x0000009a86000000)]
  0x00000238bb4dc800 JavaThread "jar transforms Thread 315" [_thread_blocked, id=14920, stack(0x0000009a86000000,0x0000009a86100000)]
  0x00000238bb4dd800 JavaThread "jar transforms Thread 316" [_thread_blocked, id=16156, stack(0x0000009a86100000,0x0000009a86200000)]
  0x00000238bb4db000 JavaThread "jar transforms Thread 317" [_thread_blocked, id=17264, stack(0x0000009a86200000,0x0000009a86300000)]
  0x00000238bb4e4800 JavaThread "jar transforms Thread 318" [_thread_blocked, id=9136, stack(0x0000009a86300000,0x0000009a86400000)]
  0x00000238bb4e4000 JavaThread "jar transforms Thread 319" [_thread_blocked, id=14884, stack(0x0000009a86400000,0x0000009a86500000)]
  0x00000238bb4df000 JavaThread "jar transforms Thread 320" [_thread_blocked, id=13012, stack(0x0000009a86500000,0x0000009a86600000)]
  0x00000238bb4e3000 JavaThread "jar transforms Thread 321" [_thread_blocked, id=14924, stack(0x0000009a86600000,0x0000009a86700000)]
  0x00000238bb4e6800 JavaThread "jar transforms Thread 322" [_thread_blocked, id=14268, stack(0x0000009a86700000,0x0000009a86800000)]
  0x00000238bb4e5800 JavaThread "jar transforms Thread 323" [_thread_blocked, id=16956, stack(0x0000009a86800000,0x0000009a86900000)]
  0x00000238bb4e2000 JavaThread "jar transforms Thread 324" [_thread_blocked, id=3436, stack(0x0000009a86900000,0x0000009a86a00000)]
  0x00000238bb4e0800 JavaThread "jar transforms Thread 325" [_thread_blocked, id=6172, stack(0x0000009a86a00000,0x0000009a86b00000)]
  0x00000238bb4e7000 JavaThread "jar transforms Thread 326" [_thread_blocked, id=10472, stack(0x0000009a86b00000,0x0000009a86c00000)]
  0x00000238bb4e1800 JavaThread "jar transforms Thread 327" [_thread_blocked, id=17036, stack(0x0000009a86c00000,0x0000009a86d00000)]
  0x00000238bb4e8000 JavaThread "jar transforms Thread 328" [_thread_blocked, id=14856, stack(0x0000009a86d00000,0x0000009a86e00000)]
  0x00000238b8efe800 JavaThread "jar transforms Thread 329" [_thread_blocked, id=15672, stack(0x0000009a86e00000,0x0000009a86f00000)]
  0x00000238b8f05000 JavaThread "jar transforms Thread 330" [_thread_blocked, id=16096, stack(0x0000009a86f00000,0x0000009a87000000)]
  0x00000238b8f02800 JavaThread "jar transforms Thread 331" [_thread_blocked, id=3912, stack(0x0000009a87000000,0x0000009a87100000)]
  0x00000238b8f04000 JavaThread "jar transforms Thread 332" [_thread_blocked, id=10756, stack(0x0000009a87100000,0x0000009a87200000)]
  0x00000238b8eff000 JavaThread "jar transforms Thread 333" [_thread_blocked, id=3908, stack(0x0000009a87200000,0x0000009a87300000)]
  0x00000238b8f05800 JavaThread "jar transforms Thread 334" [_thread_blocked, id=5624, stack(0x0000009a87300000,0x0000009a87400000)]
  0x00000238b8f03800 JavaThread "jar transforms Thread 335" [_thread_blocked, id=3020, stack(0x0000009a87400000,0x0000009a87500000)]
  0x00000238b8f00000 JavaThread "jar transforms Thread 336" [_thread_blocked, id=4608, stack(0x0000009a87500000,0x0000009a87600000)]
  0x00000238b8f06800 JavaThread "jar transforms Thread 337" [_thread_blocked, id=16544, stack(0x0000009a87600000,0x0000009a87700000)]
  0x00000238b8f01000 JavaThread "jar transforms Thread 338" [_thread_blocked, id=17256, stack(0x0000009a87700000,0x0000009a87800000)]
  0x00000238b8f07800 JavaThread "jar transforms Thread 339" [_thread_blocked, id=8304, stack(0x0000009a87800000,0x0000009a87900000)]
  0x00000238b8f01800 JavaThread "jar transforms Thread 340" [_thread_blocked, id=12544, stack(0x0000009a87900000,0x0000009a87a00000)]
  0x00000238b8f0c000 JavaThread "jar transforms Thread 341" [_thread_blocked, id=10168, stack(0x0000009a87a00000,0x0000009a87b00000)]
  0x00000238b8f0a000 JavaThread "jar transforms Thread 342" [_thread_blocked, id=4976, stack(0x0000009a87b00000,0x0000009a87c00000)]
  0x00000238b8f08000 JavaThread "jar transforms Thread 343" [_thread_blocked, id=12436, stack(0x0000009a87c00000,0x0000009a87d00000)]
  0x00000238b8f09000 JavaThread "jar transforms Thread 344" [_thread_blocked, id=6864, stack(0x0000009a87d00000,0x0000009a87e00000)]
  0x00000238b8f0d000 JavaThread "jar transforms Thread 345" [_thread_blocked, id=15136, stack(0x0000009a87e00000,0x0000009a87f00000)]
  0x00000238b8f0a800 JavaThread "jar transforms Thread 346" [_thread_blocked, id=2216, stack(0x0000009a87f00000,0x0000009a88000000)]
  0x00000238b8f0b800 JavaThread "jar transforms Thread 347" [_thread_blocked, id=6476, stack(0x0000009a88000000,0x0000009a88100000)]
  0x00000238bb515000 JavaThread "jar transforms Thread 348" [_thread_blocked, id=12524, stack(0x0000009a88100000,0x0000009a88200000)]
  0x00000238bb512800 JavaThread "jar transforms Thread 349" [_thread_blocked, id=17032, stack(0x0000009a88200000,0x0000009a88300000)]
  0x00000238bb512000 JavaThread "jar transforms Thread 350" [_thread_blocked, id=2160, stack(0x0000009a88300000,0x0000009a88400000)]
  0x00000238bb518800 JavaThread "jar transforms Thread 351" [_thread_blocked, id=14696, stack(0x0000009a88400000,0x0000009a88500000)]
  0x00000238bb513800 JavaThread "jar transforms Thread 352" [_thread_blocked, id=17144, stack(0x0000009a88500000,0x0000009a88600000)]
  0x00000238bb51a000 JavaThread "jar transforms Thread 353" [_thread_blocked, id=13748, stack(0x0000009a88600000,0x0000009a88700000)]
  0x00000238bb519800 JavaThread "jar transforms Thread 354" [_thread_blocked, id=11804, stack(0x0000009a88700000,0x0000009a88800000)]
  0x00000238bb517000 JavaThread "jar transforms Thread 355" [_thread_blocked, id=17196, stack(0x0000009a88800000,0x0000009a88900000)]
  0x00000238bb516000 JavaThread "jar transforms Thread 356" [_thread_blocked, id=4424, stack(0x0000009a88900000,0x0000009a88a00000)]
  0x00000238bb514800 JavaThread "jar transforms Thread 357" [_thread_blocked, id=7648, stack(0x0000009a88a00000,0x0000009a88b00000)]
  0x00000238bb51b000 JavaThread "build event listener" [_thread_blocked, id=17344, stack(0x0000009a88b00000,0x0000009a88c00000)]
  0x00000238bb51b800 JavaThread "build event listener" [_thread_blocked, id=2624, stack(0x0000009a88c00000,0x0000009a88d00000)]
  0x00000238bb51d800 JavaThread "Execution worker for ':'" [_thread_blocked, id=4132, stack(0x0000009a88d00000,0x0000009a88e00000)]
  0x00000238bb51c800 JavaThread "Execution worker for ':' Thread 2" [_thread_blocked, id=2528, stack(0x0000009a88e00000,0x0000009a88f00000)]
  0x00000238bb517800 JavaThread "Execution worker for ':' Thread 3" [_thread_in_Java, id=1740, stack(0x0000009a88f00000,0x0000009a89000000)]
  0x00000238bb51e000 JavaThread "Cache worker for execution history cache (C:\Users\nekra\AndroidStudioProjects\MyApplication4\.gradle\6.7.1\executionHistory)" [_thread_blocked, id=10384, stack(0x0000009a89000000,0x0000009a89100000)]
  0x00000238bb51f000 JavaThread "WorkerExecutor Queue" [_thread_blocked, id=13024, stack(0x0000009a89100000,0x0000009a89200000)]

Other Threads:
  0x00000238b2141000 VMThread "VM Thread" [stack: 0x0000009af6900000,0x0000009af6a00000] [id=2152]
  0x00000238b2c78000 WatcherThread [stack: 0x0000009af7300000,0x0000009af7400000] [id=12260]
  0x0000023897f93800 GCTaskThread "GC Thread#0" [stack: 0x0000009af6400000,0x0000009af6500000] [id=16228]
  0x00000238b313c800 GCTaskThread "GC Thread#1" [stack: 0x0000009af7400000,0x0000009af7500000] [id=8092]
  0x00000238b4c0d800 GCTaskThread "GC Thread#2" [stack: 0x0000009af7600000,0x0000009af7700000] [id=988]
  0x00000238b4366800 GCTaskThread "GC Thread#3" [stack: 0x0000009af7700000,0x0000009af7800000] [id=13040]
  0x0000023897fc6000 ConcurrentGCThread "G1 Main Marker" [stack: 0x0000009af6500000,0x0000009af6600000] [id=392]
  0x0000023897fc8000 ConcurrentGCThread "G1 Conc#0" [stack: 0x0000009af6600000,0x0000009af6700000] [id=4392]
  0x0000023898023000 ConcurrentGCThread "G1 Refine#0" [stack: 0x0000009af6700000,0x0000009af6800000] [id=13848]
  0x00000238b7b09000 ConcurrentGCThread "G1 Refine#1" [stack: 0x0000009a80100000,0x0000009a80200000] [id=10596]
  0x00000238bd99a800 ConcurrentGCThread "G1 Refine#2" [stack: 0x0000009a80200000,0x0000009a80300000] [id=12068]
  0x00000238b8a9e800 ConcurrentGCThread "G1 Refine#3" [stack: 0x0000009a80400000,0x0000009a80500000] [id=9068]
  0x0000023898024000 ConcurrentGCThread "G1 Young RemSet Sampling" [stack: 0x0000009af6800000,0x0000009af6900000] [id=15124]

Threads with active compile tasks:
C2 CompilerThread012830017 18744       4       com.google.common.collect.LinkedListMultimap$DistinctKeyIterator::next (81 bytes)

VM state:not at safepoint (normal execution)

VM Mutex/Monitor currently owned by a thread: None

Heap address: 0x0000000080000000, size: 2048 MB, Compressed Oops mode: 32-bit
Narrow klass base: 0x0000000000000000, Narrow klass shift: 3
Compressed class space size: 1073741824 Address: 0x0000000100000000

Heap:
 garbage-first heap   total 216064K, used 126416K [0x0000000080000000, 0x0000000100000000)
  region size 1024K, 9 young (9216K), 2 survivors (2048K)
 Metaspace       used 118614K, capacity 120946K, committed 121728K, reserved 1155072K
  class space    used 14416K, capacity 15244K, committed 15488K, reserved 1048576K
Heap Regions: E=young(eden), S=young(survivor), O=old, HS=humongous(starts), HC=humongous(continues), CS=collection set, F=free, A=archive, TAMS=top-at-mark-start (previous, next)
|   0|0x0000000080000000, 0x0000000080100000, 0x0000000080100000|100%| O|  |TAMS 0x0000000080100000, 0x0000000080000000| Updating 
|   1|0x0000000080100000, 0x0000000080200000, 0x0000000080200000|100%| O|  |TAMS 0x0000000080200000, 0x0000000080100000| Updating 
|   2|0x0000000080200000, 0x0000000080300000, 0x0000000080300000|100%| O|  |TAMS 0x0000000080300000, 0x0000000080200000| Updating 
|   3|0x0000000080300000, 0x0000000080400000, 0x0000000080400000|100%|HS|  |TAMS 0x0000000080400000, 0x0000000080300000| Complete 
|   4|0x0000000080400000, 0x0000000080500000, 0x0000000080500000|100%|HC|  |TAMS 0x0000000080500000, 0x0000000080400000| Complete 
|   5|0x0000000080500000, 0x0000000080600000, 0x0000000080600000|100%|HC|  |TAMS 0x0000000080600000, 0x0000000080500000| Complete 
|   6|0x0000000080600000, 0x0000000080700000, 0x0000000080700000|100%| O|  |TAMS 0x0000000080700000, 0x0000000080600000| Updating 
|   7|0x0000000080700000, 0x0000000080800000, 0x0000000080800000|100%| O|  |TAMS 0x0000000080800000, 0x0000000080700000| Updating 
|   8|0x0000000080800000, 0x0000000080900000, 0x0000000080900000|100%| O|  |TAMS 0x0000000080900000, 0x0000000080800000| Updating 
|   9|0x0000000080900000, 0x0000000080a00000, 0x0000000080a00000|100%| O|  |TAMS 0x0000000080a00000, 0x0000000080900000| Updating 
|  10|0x0000000080a00000, 0x0000000080b00000, 0x0000000080b00000|100%| O|  |TAMS 0x0000000080b00000, 0x0000000080a00000| Updating 
|  11|0x0000000080b00000, 0x0000000080c00000, 0x0000000080c00000|100%| O|  |TAMS 0x0000000080c00000, 0x0000000080b00000| Updating 
|  12|0x0000000080c00000, 0x0000000080d00000, 0x0000000080d00000|100%| O|  |TAMS 0x0000000080d00000, 0x0000000080c00000| Updating 
|  13|0x0000000080d00000, 0x0000000080e00000, 0x0000000080e00000|100%| O|  |TAMS 0x0000000080e00000, 0x0000000080d00000| Updating 
|  14|0x0000000080e00000, 0x0000000080f00000, 0x0000000080f00000|100%| O|  |TAMS 0x0000000080f00000, 0x0000000080e00000| Updating 
|  15|0x0000000080f00000, 0x0000000081000000, 0x0000000081000000|100%|HS|  |TAMS 0x0000000081000000, 0x0000000080f00000| Complete 
|  16|0x0000000081000000, 0x0000000081100000, 0x0000000081100000|100%|HC|  |TAMS 0x0000000081100000, 0x0000000081000000| Complete 
|  17|0x0000000081100000, 0x0000000081200000, 0x0000000081200000|100%|HS|  |TAMS 0x0000000081200000, 0x0000000081100000| Complete 
|  18|0x0000000081200000, 0x0000000081300000, 0x0000000081300000|100%|HC|  |TAMS 0x0000000081300000, 0x0000000081200000| Complete 
|  19|0x0000000081300000, 0x0000000081400000, 0x0000000081400000|100%|HC|  |TAMS 0x0000000081400000, 0x0000000081300000| Complete 
|  20|0x0000000081400000, 0x0000000081500000, 0x0000000081500000|100%|HS|  |TAMS 0x0000000081500000, 0x0000000081400000| Complete 
|  21|0x0000000081500000, 0x0000000081600000, 0x0000000081600000|100%|HC|  |TAMS 0x0000000081600000, 0x0000000081500000| Complete 
|  22|0x0000000081600000, 0x0000000081700000, 0x0000000081700000|100%|HC|  |TAMS 0x0000000081700000, 0x0000000081600000| Complete 
|  23|0x0000000081700000, 0x0000000081800000, 0x0000000081800000|100%|HC|  |TAMS 0x0000000081800000, 0x0000000081700000| Complete 
|  24|0x0000000081800000, 0x0000000081900000, 0x0000000081900000|100%| O|  |TAMS 0x0000000081900000, 0x0000000081800000| Updating 
|  25|0x0000000081900000, 0x0000000081a00000, 0x0000000081a00000|100%| O|  |TAMS 0x0000000081a00000, 0x0000000081900000| Updating 
|  26|0x0000000081a00000, 0x0000000081b00000, 0x0000000081b00000|100%| O|  |TAMS 0x0000000081b00000, 0x0000000081a00000| Updating 
|  27|0x0000000081b00000, 0x0000000081c00000, 0x0000000081c00000|100%| O|  |TAMS 0x0000000081c00000, 0x0000000081b00000| Updating 
|  28|0x0000000081c00000, 0x0000000081d00000, 0x0000000081d00000|100%| O|  |TAMS 0x0000000081d00000, 0x0000000081c00000| Updating 
|  29|0x0000000081d00000, 0x0000000081e00000, 0x0000000081e00000|100%| O|  |TAMS 0x0000000081e00000, 0x0000000081d00000| Updating 
|  30|0x0000000081e00000, 0x0000000081f00000, 0x0000000081f00000|100%| O|  |TAMS 0x0000000081f00000, 0x0000000081e00000| Updating 
|  31|0x0000000081f00000, 0x0000000082000000, 0x0000000082000000|100%| O|  |TAMS 0x0000000082000000, 0x0000000081f00000| Updating 
|  32|0x0000000082000000, 0x0000000082100000, 0x0000000082100000|100%| O|  |TAMS 0x0000000082100000, 0x0000000082000000| Updating 
|  33|0x0000000082100000, 0x0000000082200000, 0x0000000082200000|100%| O|  |TAMS 0x0000000082200000, 0x0000000082100000| Updating 
|  34|0x0000000082200000, 0x0000000082300000, 0x0000000082300000|100%| O|  |TAMS 0x0000000082300000, 0x0000000082200000| Updating 
|  35|0x0000000082300000, 0x0000000082400000, 0x0000000082400000|100%|HS|  |TAMS 0x0000000082400000, 0x0000000082300000| Complete 
|  36|0x0000000082400000, 0x0000000082500000, 0x0000000082500000|100%|HC|  |TAMS 0x0000000082500000, 0x0000000082400000| Complete 
|  37|0x0000000082500000, 0x0000000082600000, 0x0000000082600000|100%|HC|  |TAMS 0x0000000082600000, 0x0000000082500000| Complete 
|  38|0x0000000082600000, 0x0000000082700000, 0x0000000082700000|100%|HC|  |TAMS 0x0000000082700000, 0x0000000082600000| Complete 
|  39|0x0000000082700000, 0x0000000082800000, 0x0000000082800000|100%|HS|  |TAMS 0x0000000082800000, 0x0000000082700000| Complete 
|  40|0x0000000082800000, 0x0000000082900000, 0x0000000082900000|100%|HC|  |TAMS 0x0000000082900000, 0x0000000082800000| Complete 
|  41|0x0000000082900000, 0x0000000082a00000, 0x0000000082a00000|100%|HC|  |TAMS 0x0000000082a00000, 0x0000000082900000| Complete 
|  42|0x0000000082a00000, 0x0000000082b00000, 0x0000000082b00000|100%| O|  |TAMS 0x0000000082b00000, 0x0000000082a00000| Updating 
|  43|0x0000000082b00000, 0x0000000082c00000, 0x0000000082c00000|100%| O|  |TAMS 0x0000000082c00000, 0x0000000082b00000| Updating 
|  44|0x0000000082c00000, 0x0000000082d00000, 0x0000000082d00000|100%| O|  |TAMS 0x0000000082d00000, 0x0000000082c00000| Updating 
|  45|0x0000000082d00000, 0x0000000082e00000, 0x0000000082e00000|100%| O|  |TAMS 0x0000000082e00000, 0x0000000082d00000| Updating 
|  46|0x0000000082e00000, 0x0000000082f00000, 0x0000000082f00000|100%| O|  |TAMS 0x0000000082f00000, 0x0000000082e00000| Updating 
|  47|0x0000000082f00000, 0x0000000083000000, 0x0000000083000000|100%| O|  |TAMS 0x0000000083000000, 0x0000000082f00000| Updating 
|  48|0x0000000083000000, 0x0000000083100000, 0x0000000083100000|100%| O|  |TAMS 0x0000000083100000, 0x0000000083000000| Updating 
|  49|0x0000000083100000, 0x0000000083200000, 0x0000000083200000|100%| O|  |TAMS 0x0000000083200000, 0x0000000083100000| Updating 
|  50|0x0000000083200000, 0x0000000083300000, 0x0000000083300000|100%| O|  |TAMS 0x0000000083300000, 0x0000000083200000| Updating 
|  51|0x0000000083300000, 0x0000000083400000, 0x0000000083400000|100%| O|  |TAMS 0x0000000083400000, 0x0000000083300000| Updating 
|  52|0x0000000083400000, 0x0000000083500000, 0x0000000083500000|100%|HS|  |TAMS 0x0000000083500000, 0x0000000083400000| Complete 
|  53|0x0000000083500000, 0x0000000083600000, 0x0000000083600000|100%|HS|  |TAMS 0x0000000083600000, 0x0000000083500000| Complete 
|  54|0x0000000083600000, 0x0000000083700000, 0x0000000083700000|100%|HS|  |TAMS 0x0000000083700000, 0x0000000083600000| Complete 
|  55|0x0000000083700000, 0x0000000083800000, 0x0000000083800000|100%|HC|  |TAMS 0x0000000083800000, 0x0000000083700000| Complete 
|  56|0x0000000083800000, 0x0000000083900000, 0x0000000083900000|100%|HC|  |TAMS 0x0000000083900000, 0x0000000083800000| Complete 
|  57|0x0000000083900000, 0x0000000083a00000, 0x0000000083a00000|100%|HS|  |TAMS 0x0000000083a00000, 0x0000000083900000| Complete 
|  58|0x0000000083a00000, 0x0000000083b00000, 0x0000000083b00000|100%|HC|  |TAMS 0x0000000083b00000, 0x0000000083a00000| Complete 
|  59|0x0000000083b00000, 0x0000000083c00000, 0x0000000083c00000|100%| O|  |TAMS 0x0000000083c00000, 0x0000000083b00000| Updating 
|  60|0x0000000083c00000, 0x0000000083d00000, 0x0000000083d00000|100%| O|  |TAMS 0x0000000083d00000, 0x0000000083c00000| Updating 
|  61|0x0000000083d00000, 0x0000000083e00000, 0x0000000083e00000|100%| O|  |TAMS 0x0000000083e00000, 0x0000000083d00000| Updating 
|  62|0x0000000083e00000, 0x0000000083f00000, 0x0000000083f00000|100%| O|  |TAMS 0x0000000083f00000, 0x0000000083e00000| Updating 
|  63|0x0000000083f00000, 0x0000000084000000, 0x0000000084000000|100%| O|  |TAMS 0x0000000084000000, 0x0000000083f00000| Updating 
|  64|0x0000000084000000, 0x0000000084100000, 0x0000000084100000|100%| O|  |TAMS 0x0000000084100000, 0x0000000084000000| Updating 
|  65|0x0000000084100000, 0x0000000084200000, 0x0000000084200000|100%| O|  |TAMS 0x0000000084200000, 0x0000000084100000| Updating 
|  66|0x0000000084200000, 0x0000000084300000, 0x0000000084300000|100%| O|  |TAMS 0x0000000084300000, 0x0000000084200000| Updating 
|  67|0x0000000084300000, 0x0000000084400000, 0x0000000084400000|100%| O|  |TAMS 0x0000000084400000, 0x0000000084300000| Updating 
|  68|0x0000000084400000, 0x0000000084500000, 0x0000000084500000|100%| O|  |TAMS 0x0000000084500000, 0x0000000084400000| Updating 
|  69|0x0000000084500000, 0x0000000084600000, 0x0000000084600000|100%| O|  |TAMS 0x0000000084600000, 0x0000000084500000| Updating 
|  70|0x0000000084600000, 0x0000000084700000, 0x0000000084700000|100%| O|  |TAMS 0x0000000084700000, 0x0000000084600000| Updating 
|  71|0x0000000084700000, 0x0000000084800000, 0x0000000084800000|100%| O|  |TAMS 0x0000000084800000, 0x0000000084700000| Updating 
|  72|0x0000000084800000, 0x0000000084900000, 0x0000000084900000|100%| O|  |TAMS 0x0000000084900000, 0x0000000084800000| Updating 
|  73|0x0000000084900000, 0x0000000084a00000, 0x0000000084a00000|100%| O|  |TAMS 0x0000000084a00000, 0x0000000084900000| Updating 
|  74|0x0000000084a00000, 0x0000000084b00000, 0x0000000084b00000|100%| O|  |TAMS 0x0000000084b00000, 0x0000000084a00000| Updating 
|  75|0x0000000084b00000, 0x0000000084c00000, 0x0000000084c00000|100%| O|  |TAMS 0x0000000084c00000, 0x0000000084b00000| Updating 
|  76|0x0000000084c00000, 0x0000000084d00000, 0x0000000084d00000|100%| O|  |TAMS 0x0000000084d00000, 0x0000000084c00000| Updating 
|  77|0x0000000084d00000, 0x0000000084e00000, 0x0000000084e00000|100%| O|  |TAMS 0x0000000084e00000, 0x0000000084d00000| Updating 
|  78|0x0000000084e00000, 0x0000000084f00000, 0x0000000084f00000|100%| O|  |TAMS 0x0000000084f00000, 0x0000000084e00000| Updating 
|  79|0x0000000084f00000, 0x0000000085000000, 0x0000000085000000|100%| O|  |TAMS 0x0000000085000000, 0x0000000084f00000| Updating 
|  80|0x0000000085000000, 0x0000000085100000, 0x0000000085100000|100%| O|  |TAMS 0x0000000085100000, 0x0000000085000000| Updating 
|  81|0x0000000085100000, 0x0000000085200000, 0x0000000085200000|100%| O|  |TAMS 0x0000000085200000, 0x0000000085100000| Updating 
|  82|0x0000000085200000, 0x0000000085300000, 0x0000000085300000|100%| O|  |TAMS 0x0000000085300000, 0x0000000085200000| Updating 
|  83|0x0000000085300000, 0x0000000085400000, 0x0000000085400000|100%| O|  |TAMS 0x0000000085400000, 0x0000000085300000| Updating 
|  84|0x0000000085400000, 0x0000000085500000, 0x0000000085500000|100%| O|  |TAMS 0x0000000085500000, 0x0000000085400000| Updating 
|  85|0x0000000085500000, 0x0000000085600000, 0x0000000085600000|100%| O|  |TAMS 0x0000000085600000, 0x0000000085500000| Updating 
|  86|0x0000000085600000, 0x0000000085700000, 0x0000000085700000|100%| O|  |TAMS 0x0000000085700000, 0x0000000085600000| Updating 
|  87|0x0000000085700000, 0x0000000085800000, 0x0000000085800000|100%| O|  |TAMS 0x0000000085800000, 0x0000000085700000| Updating 
|  88|0x0000000085800000, 0x0000000085900000, 0x0000000085900000|100%| O|  |TAMS 0x0000000085811c00, 0x0000000085800000| Untracked 
|  89|0x0000000085900000, 0x0000000085a00000, 0x0000000085a00000|100%| O|  |TAMS 0x0000000085a00000, 0x0000000085900000| Updating 
|  90|0x0000000085a00000, 0x0000000085b00000, 0x0000000085b00000|100%| O|  |TAMS 0x0000000085b00000, 0x0000000085a00000| Updating 
|  91|0x0000000085b00000, 0x0000000085c00000, 0x0000000085c00000|100%| O|  |TAMS 0x0000000085c00000, 0x0000000085b00000| Updating 
|  92|0x0000000085c00000, 0x0000000085d00000, 0x0000000085d00000|100%| O|  |TAMS 0x0000000085d00000, 0x0000000085c00000| Updating 
|  93|0x0000000085d00000, 0x0000000085e00000, 0x0000000085e00000|100%| O|  |TAMS 0x0000000085e00000, 0x0000000085d00000| Updating 
|  94|0x0000000085e00000, 0x0000000085f00000, 0x0000000085f00000|100%| O|  |TAMS 0x0000000085f00000, 0x0000000085e00000| Updating 
|  95|0x0000000085f00000, 0x0000000086000000, 0x0000000086000000|100%| O|  |TAMS 0x0000000085f00000, 0x0000000085f00000| Untracked 
|  96|0x0000000086000000, 0x0000000086100000, 0x0000000086100000|100%| O|  |TAMS 0x0000000086000000, 0x0000000086000000| Untracked 
|  97|0x0000000086100000, 0x0000000086200000, 0x0000000086200000|100%|HS|  |TAMS 0x0000000086100000, 0x0000000086100000| Complete 
|  98|0x0000000086200000, 0x0000000086300000, 0x0000000086300000|100%| O|  |TAMS 0x0000000086200000, 0x0000000086200000| Untracked 
|  99|0x0000000086300000, 0x0000000086400000, 0x0000000086400000|100%| O|  |TAMS 0x0000000086300000, 0x0000000086300000| Untracked 
| 100|0x0000000086400000, 0x0000000086500000, 0x0000000086500000|100%| O|  |TAMS 0x0000000086500000, 0x0000000086400000| Updating 
| 101|0x0000000086500000, 0x0000000086600000, 0x0000000086600000|100%| O|  |TAMS 0x0000000086600000, 0x0000000086500000| Updating 
| 102|0x0000000086600000, 0x0000000086700000, 0x0000000086700000|100%| O|  |TAMS 0x0000000086600000, 0x0000000086600000| Untracked 
| 103|0x0000000086700000, 0x0000000086800000, 0x0000000086800000|100%| O|  |TAMS 0x0000000086700000, 0x0000000086700000| Untracked 
| 104|0x0000000086800000, 0x0000000086900000, 0x0000000086900000|100%| O|  |TAMS 0x0000000086800000, 0x0000000086800000| Untracked 
| 105|0x0000000086900000, 0x0000000086a00000, 0x0000000086a00000|100%| O|  |TAMS 0x0000000086a00000, 0x0000000086900000| Updating 
| 106|0x0000000086a00000, 0x0000000086b00000, 0x0000000086b00000|100%| O|  |TAMS 0x0000000086b00000, 0x0000000086a00000| Updating 
| 107|0x0000000086b00000, 0x0000000086c00000, 0x0000000086c00000|100%| O|  |TAMS 0x0000000086b00000, 0x0000000086b00000| Untracked 
| 108|0x0000000086c00000, 0x0000000086d00000, 0x0000000086d00000|100%| O|  |TAMS 0x0000000086c00000, 0x0000000086c00000| Untracked 
| 109|0x0000000086d00000, 0x0000000086e00000, 0x0000000086e00000|100%| O|  |TAMS 0x0000000086e00000, 0x0000000086d00000| Updating 
| 110|0x0000000086e00000, 0x0000000086f00000, 0x0000000086f00000|100%| O|  |TAMS 0x0000000086f00000, 0x0000000086e00000| Updating 
| 111|0x0000000086f00000, 0x0000000087000000, 0x0000000087000000|100%| O|  |TAMS 0x0000000086f00000, 0x0000000086f00000| Untracked 
| 112|0x0000000087000000, 0x0000000087100000, 0x0000000087100000|100%| O|  |TAMS 0x0000000087000000, 0x0000000087000000| Untracked 
| 113|0x0000000087100000, 0x0000000087200000, 0x0000000087200000|100%| O|  |TAMS 0x0000000087100000, 0x0000000087100000| Untracked 
| 114|0x0000000087200000, 0x0000000087300000, 0x0000000087300000|100%| O|  |TAMS 0x0000000087200000, 0x0000000087200000| Untracked 
| 115|0x0000000087300000, 0x00000000873a9000, 0x0000000087400000| 66%| O|  |TAMS 0x0000000087300000, 0x0000000087300000| Updating 
| 116|0x0000000087400000, 0x0000000087400000, 0x0000000087500000|  0%| F|  |TAMS 0x0000000087400000, 0x0000000087400000| Untracked 
| 117|0x0000000087500000, 0x0000000087500000, 0x0000000087600000|  0%| F|  |TAMS 0x0000000087500000, 0x0000000087500000| Untracked 
| 118|0x0000000087600000, 0x0000000087600000, 0x0000000087700000|  0%| F|  |TAMS 0x0000000087600000, 0x0000000087600000| Untracked 
| 119|0x0000000087700000, 0x0000000087700000, 0x0000000087800000|  0%| F|  |TAMS 0x0000000087700000, 0x0000000087700000| Untracked 
| 120|0x0000000087800000, 0x0000000087800000, 0x0000000087900000|  0%| F|  |TAMS 0x0000000087800000, 0x0000000087800000| Untracked 
| 121|0x0000000087900000, 0x0000000087900000, 0x0000000087a00000|  0%| F|  |TAMS 0x0000000087900000, 0x0000000087900000| Untracked 
| 122|0x0000000087a00000, 0x0000000087a00000, 0x0000000087b00000|  0%| F|  |TAMS 0x0000000087a00000, 0x0000000087a00000| Untracked 
| 123|0x0000000087b00000, 0x0000000087b00000, 0x0000000087c00000|  0%| F|  |TAMS 0x0000000087b00000, 0x0000000087b00000| Untracked 
| 124|0x0000000087c00000, 0x0000000087c00000, 0x0000000087d00000|  0%| F|  |TAMS 0x0000000087c00000, 0x0000000087c00000| Untracked 
| 125|0x0000000087d00000, 0x0000000087d00000, 0x0000000087e00000|  0%| F|  |TAMS 0x0000000087d00000, 0x0000000087d00000| Untracked 
| 126|0x0000000087e00000, 0x0000000087e00000, 0x0000000087f00000|  0%| F|  |TAMS 0x0000000087e00000, 0x0000000087e00000| Untracked 
| 127|0x0000000087f00000, 0x0000000087f00000, 0x0000000088000000|  0%| F|  |TAMS 0x0000000087f00000, 0x0000000087f00000| Untracked 
| 128|0x0000000088000000, 0x0000000088000000, 0x0000000088100000|  0%| F|  |TAMS 0x0000000088000000, 0x0000000088000000| Untracked 
| 129|0x0000000088100000, 0x0000000088100000, 0x0000000088200000|  0%| F|  |TAMS 0x0000000088100000, 0x0000000088100000| Untracked 
| 130|0x0000000088200000, 0x0000000088200000, 0x0000000088300000|  0%| F|  |TAMS 0x0000000088200000, 0x0000000088200000| Untracked 
| 131|0x0000000088300000, 0x0000000088300000, 0x0000000088400000|  0%| F|  |TAMS 0x0000000088300000, 0x0000000088300000| Untracked 
| 132|0x0000000088400000, 0x0000000088400000, 0x0000000088500000|  0%| F|  |TAMS 0x0000000088400000, 0x0000000088400000| Untracked 
| 133|0x0000000088500000, 0x0000000088500000, 0x0000000088600000|  0%| F|  |TAMS 0x0000000088500000, 0x0000000088500000| Untracked 
| 134|0x0000000088600000, 0x0000000088600000, 0x0000000088700000|  0%| F|  |TAMS 0x0000000088600000, 0x0000000088600000| Untracked 
| 135|0x0000000088700000, 0x0000000088700000, 0x0000000088800000|  0%| F|  |TAMS 0x0000000088700000, 0x0000000088700000| Untracked 
| 136|0x0000000088800000, 0x0000000088800000, 0x0000000088900000|  0%| F|  |TAMS 0x0000000088800000, 0x0000000088800000| Untracked 
| 137|0x0000000088900000, 0x0000000088900000, 0x0000000088a00000|  0%| F|  |TAMS 0x0000000088900000, 0x0000000088900000| Untracked 
| 138|0x0000000088a00000, 0x0000000088a00000, 0x0000000088b00000|  0%| F|  |TAMS 0x0000000088a00000, 0x0000000088a00000| Untracked 
| 139|0x0000000088b00000, 0x0000000088b00000, 0x0000000088c00000|  0%| F|  |TAMS 0x0000000088b00000, 0x0000000088b00000| Untracked 
| 140|0x0000000088c00000, 0x0000000088c00000, 0x0000000088d00000|  0%| F|  |TAMS 0x0000000088c00000, 0x0000000088c00000| Untracked 
| 141|0x0000000088d00000, 0x0000000088d00000, 0x0000000088e00000|  0%| F|  |TAMS 0x0000000088d00000, 0x0000000088d00000| Untracked 
| 142|0x0000000088e00000, 0x0000000088e00000, 0x0000000088f00000|  0%| F|  |TAMS 0x0000000088e00000, 0x0000000088e00000| Untracked 
| 143|0x0000000088f00000, 0x0000000088f00000, 0x0000000089000000|  0%| F|  |TAMS 0x0000000088f00000, 0x0000000088f00000| Untracked 
| 144|0x0000000089000000, 0x0000000089000000, 0x0000000089100000|  0%| F|  |TAMS 0x0000000089000000, 0x0000000089000000| Untracked 
| 145|0x0000000089100000, 0x0000000089100000, 0x0000000089200000|  0%| F|  |TAMS 0x0000000089100000, 0x0000000089100000| Untracked 
| 146|0x0000000089200000, 0x0000000089200000, 0x0000000089300000|  0%| F|  |TAMS 0x0000000089200000, 0x0000000089200000| Untracked 
| 147|0x0000000089300000, 0x0000000089300000, 0x0000000089400000|  0%| F|  |TAMS 0x0000000089300000, 0x0000000089300000| Untracked 
| 148|0x0000000089400000, 0x0000000089400000, 0x0000000089500000|  0%| F|  |TAMS 0x0000000089400000, 0x0000000089400000| Untracked 
| 149|0x0000000089500000, 0x0000000089500000, 0x0000000089600000|  0%| F|  |TAMS 0x0000000089500000, 0x0000000089500000| Untracked 
| 150|0x0000000089600000, 0x0000000089600000, 0x0000000089700000|  0%| F|  |TAMS 0x0000000089600000, 0x0000000089600000| Untracked 
| 151|0x0000000089700000, 0x0000000089700000, 0x0000000089800000|  0%| F|  |TAMS 0x0000000089700000, 0x0000000089700000| Untracked 
| 152|0x0000000089800000, 0x0000000089800000, 0x0000000089900000|  0%| F|  |TAMS 0x0000000089800000, 0x0000000089800000| Untracked 
| 153|0x0000000089900000, 0x0000000089900000, 0x0000000089a00000|  0%| F|  |TAMS 0x0000000089900000, 0x0000000089900000| Untracked 
| 154|0x0000000089a00000, 0x0000000089a00000, 0x0000000089b00000|  0%| F|  |TAMS 0x0000000089a00000, 0x0000000089a00000| Untracked 
| 155|0x0000000089b00000, 0x0000000089b00000, 0x0000000089c00000|  0%| F|  |TAMS 0x0000000089b00000, 0x0000000089b00000| Untracked 
| 156|0x0000000089c00000, 0x0000000089c00000, 0x0000000089d00000|  0%| F|  |TAMS 0x0000000089c00000, 0x0000000089c00000| Untracked 
| 157|0x0000000089d00000, 0x0000000089d00000, 0x0000000089e00000|  0%| F|  |TAMS 0x0000000089d00000, 0x0000000089d00000| Untracked 
| 158|0x0000000089e00000, 0x0000000089e00000, 0x0000000089f00000|  0%| F|  |TAMS 0x0000000089e00000, 0x0000000089e00000| Untracked 
| 159|0x0000000089f00000, 0x0000000089f00000, 0x000000008a000000|  0%| F|  |TAMS 0x0000000089f00000, 0x0000000089f00000| Untracked 
| 160|0x000000008a000000, 0x000000008a000000, 0x000000008a100000|  0%| F|  |TAMS 0x000000008a000000, 0x000000008a000000| Untracked 
| 161|0x000000008a100000, 0x000000008a100000, 0x000000008a200000|  0%| F|  |TAMS 0x000000008a100000, 0x000000008a100000| Untracked 
| 162|0x000000008a200000, 0x000000008a200000, 0x000000008a300000|  0%| F|  |TAMS 0x000000008a200000, 0x000000008a200000| Untracked 
| 163|0x000000008a300000, 0x000000008a300000, 0x000000008a400000|  0%| F|  |TAMS 0x000000008a300000, 0x000000008a300000| Untracked 
| 164|0x000000008a400000, 0x000000008a400000, 0x000000008a500000|  0%| F|  |TAMS 0x000000008a400000, 0x000000008a400000| Untracked 
| 165|0x000000008a500000, 0x000000008a500000, 0x000000008a600000|  0%| F|  |TAMS 0x000000008a500000, 0x000000008a500000| Untracked 
| 166|0x000000008a600000, 0x000000008a600000, 0x000000008a700000|  0%| F|  |TAMS 0x000000008a600000, 0x000000008a600000| Untracked 
| 167|0x000000008a700000, 0x000000008a700000, 0x000000008a800000|  0%| F|  |TAMS 0x000000008a700000, 0x000000008a700000| Untracked 
| 168|0x000000008a800000, 0x000000008a800000, 0x000000008a900000|  0%| F|  |TAMS 0x000000008a800000, 0x000000008a800000| Untracked 
| 169|0x000000008a900000, 0x000000008a900000, 0x000000008aa00000|  0%| F|  |TAMS 0x000000008a900000, 0x000000008a900000| Untracked 
| 170|0x000000008aa00000, 0x000000008aa00000, 0x000000008ab00000|  0%| F|  |TAMS 0x000000008aa00000, 0x000000008aa00000| Untracked 
| 171|0x000000008ab00000, 0x000000008ab00000, 0x000000008ac00000|  0%| F|  |TAMS 0x000000008ab00000, 0x000000008ab00000| Untracked 
| 172|0x000000008ac00000, 0x000000008ac00000, 0x000000008ad00000|  0%| F|  |TAMS 0x000000008ac00000, 0x000000008ac00000| Untracked 
| 173|0x000000008ad00000, 0x000000008ad00000, 0x000000008ae00000|  0%| F|  |TAMS 0x000000008ad00000, 0x000000008ad00000| Untracked 
| 174|0x000000008ae00000, 0x000000008ae00000, 0x000000008af00000|  0%| F|  |TAMS 0x000000008ae00000, 0x000000008ae00000| Untracked 
| 175|0x000000008af00000, 0x000000008af00000, 0x000000008b000000|  0%| F|  |TAMS 0x000000008af00000, 0x000000008af00000| Untracked 
| 176|0x000000008b000000, 0x000000008b000000, 0x000000008b100000|  0%| F|  |TAMS 0x000000008b000000, 0x000000008b000000| Untracked 
| 177|0x000000008b100000, 0x000000008b100000, 0x000000008b200000|  0%| F|  |TAMS 0x000000008b100000, 0x000000008b100000| Untracked 
| 178|0x000000008b200000, 0x000000008b200000, 0x000000008b300000|  0%| F|  |TAMS 0x000000008b200000, 0x000000008b200000| Untracked 
| 179|0x000000008b300000, 0x000000008b300000, 0x000000008b400000|  0%| F|  |TAMS 0x000000008b300000, 0x000000008b300000| Untracked 
| 180|0x000000008b400000, 0x000000008b400000, 0x000000008b500000|  0%| F|  |TAMS 0x000000008b400000, 0x000000008b400000| Untracked 
| 181|0x000000008b500000, 0x000000008b500000, 0x000000008b600000|  0%| F|  |TAMS 0x000000008b500000, 0x000000008b500000| Untracked 
| 182|0x000000008b600000, 0x000000008b600000, 0x000000008b700000|  0%| F|  |TAMS 0x000000008b600000, 0x000000008b600000| Untracked 
| 183|0x000000008b700000, 0x000000008b700000, 0x000000008b800000|  0%| F|  |TAMS 0x000000008b700000, 0x000000008b700000| Untracked 
| 184|0x000000008b800000, 0x000000008b800000, 0x000000008b900000|  0%| F|  |TAMS 0x000000008b800000, 0x000000008b800000| Untracked 
| 185|0x000000008b900000, 0x000000008b900000, 0x000000008ba00000|  0%| F|  |TAMS 0x000000008b900000, 0x000000008b900000| Untracked 
| 186|0x000000008ba00000, 0x000000008ba00000, 0x000000008bb00000|  0%| F|  |TAMS 0x000000008ba00000, 0x000000008ba00000| Untracked 
| 187|0x000000008bb00000, 0x000000008bb00000, 0x000000008bc00000|  0%| F|  |TAMS 0x000000008bb00000, 0x000000008bb00000| Untracked 
| 188|0x000000008bc00000, 0x000000008bc00000, 0x000000008bd00000|  0%| F|  |TAMS 0x000000008bc00000, 0x000000008bc00000| Untracked 
| 189|0x000000008bd00000, 0x000000008bd00000, 0x000000008be00000|  0%| F|  |TAMS 0x000000008bd00000, 0x000000008bd00000| Untracked 
| 190|0x000000008be00000, 0x000000008be00000, 0x000000008bf00000|  0%| F|  |TAMS 0x000000008be00000, 0x000000008be00000| Untracked 
| 191|0x000000008bf00000, 0x000000008bf00000, 0x000000008c000000|  0%| F|  |TAMS 0x000000008bf00000, 0x000000008bf00000| Untracked 
| 192|0x000000008c000000, 0x000000008c000000, 0x000000008c100000|  0%| F|  |TAMS 0x000000008c000000, 0x000000008c000000| Untracked 
| 193|0x000000008c100000, 0x000000008c100000, 0x000000008c200000|  0%| F|  |TAMS 0x000000008c100000, 0x000000008c100000| Untracked 
| 194|0x000000008c200000, 0x000000008c2cb130, 0x000000008c300000| 79%| S|CS|TAMS 0x000000008c200000, 0x000000008c200000| Complete 
| 195|0x000000008c300000, 0x000000008c300000, 0x000000008c400000|  0%| F|  |TAMS 0x000000008c300000, 0x000000008c300000| Untracked 
| 196|0x000000008c400000, 0x000000008c400000, 0x000000008c500000|  0%| F|  |TAMS 0x000000008c400000, 0x000000008c400000| Untracked 
| 197|0x000000008c500000, 0x000000008c500000, 0x000000008c600000|  0%| F|  |TAMS 0x000000008c500000, 0x000000008c500000| Untracked 
| 198|0x000000008c600000, 0x000000008c700000, 0x000000008c700000|100%| S|CS|TAMS 0x000000008c600000, 0x000000008c600000| Complete 
| 199|0x000000008c700000, 0x000000008c700000, 0x000000008c800000|  0%| F|  |TAMS 0x000000008c700000, 0x000000008c700000| Untracked 
| 200|0x000000008c800000, 0x000000008c800000, 0x000000008c900000|  0%| F|  |TAMS 0x000000008c800000, 0x000000008c800000| Untracked 
| 201|0x000000008c900000, 0x000000008c900000, 0x000000008ca00000|  0%| F|  |TAMS 0x000000008c900000, 0x000000008c900000| Untracked 
| 202|0x000000008ca00000, 0x000000008ca00000, 0x000000008cb00000|  0%| F|  |TAMS 0x000000008ca00000, 0x000000008ca00000| Untracked 
| 203|0x000000008cb00000, 0x000000008cb00000, 0x000000008cc00000|  0%| F|  |TAMS 0x000000008cb00000, 0x000000008cb00000| Untracked 
| 204|0x000000008cc00000, 0x000000008cc48800, 0x000000008cd00000| 28%| E|  |TAMS 0x000000008cc00000, 0x000000008cc00000| Complete 
| 205|0x000000008cd00000, 0x000000008ce00000, 0x000000008ce00000|100%| E|CS|TAMS 0x000000008cd00000, 0x000000008cd00000| Complete 
| 206|0x000000008ce00000, 0x000000008cf00000, 0x000000008cf00000|100%| E|CS|TAMS 0x000000008ce00000, 0x000000008ce00000| Complete 
| 207|0x000000008cf00000, 0x000000008d000000, 0x000000008d000000|100%| E|CS|TAMS 0x000000008cf00000, 0x000000008cf00000| Complete 
| 208|0x000000008d000000, 0x000000008d100000, 0x000000008d100000|100%| E|CS|TAMS 0x000000008d000000, 0x000000008d000000| Complete 
| 209|0x000000008d100000, 0x000000008d200000, 0x000000008d200000|100%| E|CS|TAMS 0x000000008d100000, 0x000000008d100000| Complete 
| 210|0x000000008d200000, 0x000000008d300000, 0x000000008d300000|100%| E|CS|TAMS 0x000000008d200000, 0x000000008d200000| Complete 

Card table byte_map: [0x00000238ab340000,0x00000238ab740000] _byte_map_base: 0x00000238aaf40000

Marking Bits (Prev, Next): (CMBitMap*) 0x0000023897fbd140, (CMBitMap*) 0x0000023897fbd108
 Prev Bits: [0x00000238adb40000, 0x00000238afb40000)
 Next Bits: [0x00000238abb40000, 0x00000238adb40000)

Polling page: 0x00000238967a0000

Metaspace:

Usage:
  Non-class:    103.22 MB capacity,   101.76 MB ( 99%) used,     1.20 MB (  1%) free+waste,   273.00 KB ( <1%) overhead. 
      Class:     14.89 MB capacity,    14.08 MB ( 95%) used,   709.06 KB (  5%) free+waste,   118.50 KB ( <1%) overhead. 
       Both:    118.11 MB capacity,   115.83 MB ( 98%) used,     1.89 MB (  2%) free+waste,   391.50 KB ( <1%) overhead. 

Virtual space:
  Non-class space:      104.00 MB reserved,     103.75 MB (>99%) committed 
      Class space:        1.00 GB reserved,      15.13 MB (  1%) committed 
             Both:        1.10 GB reserved,     118.88 MB ( 11%) committed 

Chunk freelists:
   Non-Class:  410.00 KB
       Class:  212.00 KB
        Both:  622.00 KB

MaxMetaspaceSize: 17179869184.00 GB
CompressedClassSpaceSize: 1.00 GB

CodeHeap 'non-profiled nmethods': size=120064Kb used=9907Kb max_used=9907Kb free=110156Kb
 bounds [0x00000238a33d0000, 0x00000238a3d80000, 0x00000238aa910000]
CodeHeap 'profiled nmethods': size=120000Kb used=35461Kb max_used=36060Kb free=84538Kb
 bounds [0x000002389bea0000, 0x000002389e220000, 0x00000238a33d0000]
CodeHeap 'non-nmethods': size=5696Kb used=2357Kb max_used=2412Kb free=3338Kb
 bounds [0x000002389b910000, 0x000002389bb80000, 0x000002389bea0000]
 total_blobs=17004 nmethods=16024 adapters=890
 compilation: enabled
              stopped_count=0, restarted_count=0
 full_count=0

Compilation events (20 events):
Event: 12829.199 Thread 0x00000238b216b000 nmethod 18743 0x00000238a3874510 code [0x00000238a38746a0, 0x00000238a3874718]
Event: 12829.273 Thread 0x00000238b216b000 18744       4       com.google.common.collect.LinkedListMultimap$DistinctKeyIterator::next (81 bytes)
Event: 12829.652 Thread 0x00000238b21ba800 18746       2       com.google.common.collect.TransformedIterator::hasNext (10 bytes)
Event: 12829.653 Thread 0x00000238b21ba800 nmethod 18746 0x000002389c7a7b10 code [0x000002389c7a7cc0, 0x000002389c7a7de8]
Event: 12829.654 Thread 0x00000238b21ba800 18747       3       com.google.common.collect.LinkedListMultimap$NodeIterator::checkForConcurrentModification (23 bytes)
Event: 12829.656 Thread 0x00000238b21ba800 nmethod 18747 0x000002389cdde590 code [0x000002389cdde760, 0x000002389cdde988]
Event: 12829.656 Thread 0x00000238b21ba800 18748       1       com.google.common.collect.LinkedListMultimap$Node::getValue (5 bytes)
Event: 12829.657 Thread 0x00000238b21ba800 nmethod 18748 0x00000238a3d7de90 code [0x00000238a3d7e040, 0x00000238a3d7e0f8]
Event: 12829.657 Thread 0x00000238b21ba800 18749       3       com.google.common.collect.LinkedListMultimap$NodeIterator::hasNext (17 bytes)
Event: 12829.661 Thread 0x00000238b21ba800 nmethod 18749 0x000002389cf04210 code [0x000002389cf043e0, 0x000002389cf046c8]
Event: 12829.661 Thread 0x00000238b21ba800 18753       3       com.google.common.collect.LinkedListMultimap$1ValuesImpl$1::transform (9 bytes)
Event: 12829.662 Thread 0x00000238b21ba800 nmethod 18753 0x000002389cf2ad90 code [0x000002389cf2af60, 0x000002389cf2b288]
Event: 12829.662 Thread 0x00000238b21ba800 18750       3       com.google.common.collect.LinkedListMultimap$NodeIterator::next (5 bytes)
Event: 12829.663 Thread 0x00000238b21ba800 nmethod 18750 0x000002389c7d5390 code [0x000002389c7d5540, 0x000002389c7d5668]
Event: 12829.663 Thread 0x00000238b21ba800 18751       3       com.google.common.collect.LinkedListMultimap$NodeIterator::next (50 bytes)
Event: 12829.664 Thread 0x00000238b21ba800 nmethod 18751 0x000002389cf2cf90 code [0x000002389cf2d1a0, 0x000002389cf2d6f8]
Event: 12829.664 Thread 0x00000238b21ba800 18755       3       com.android.ide.common.resources.ResourceMergerItem::getSourceType (47 bytes)
Event: 12829.674 Thread 0x00000238b21ba800 nmethod 18755 0x000002389cfa8a90 code [0x000002389cfa8d00, 0x000002389cfa9808]
Event: 12829.674 Thread 0x00000238b21ba800 18754       3       com.google.common.collect.LinkedListMultimap$1ValuesImpl$1::transform (7 bytes)
Event: 12829.674 Thread 0x00000238b21ba800 nmethod 18754 0x000002389cdd8290 code [0x000002389cdd8440, 0x000002389cdd8608]

GC Heap History (20 events):
Event: 12774.945 GC heap before
{Heap before GC invocations=75 (full 0):
 garbage-first heap   total 216064K, used 124757K [0x0000000080000000, 0x0000000100000000)
  region size 1024K, 37 young (37888K), 2 survivors (2048K)
 Metaspace       used 114784K, capacity 117034K, committed 118912K, reserved 1153024K
  class space    used 13960K, capacity 14765K, committed 15232K, reserved 1048576K
}
Event: 12775.003 GC heap after
{Heap after GC invocations=76 (full 0):
 garbage-first heap   total 216064K, used 91351K [0x0000000080000000, 0x0000000100000000)
  region size 1024K, 4 young (4096K), 4 survivors (4096K)
 Metaspace       used 114784K, capacity 117034K, committed 118912K, reserved 1153024K
  class space    used 13960K, capacity 14765K, committed 15232K, reserved 1048576K
}
Event: 12778.769 GC heap before
{Heap before GC invocations=77 (full 0):
 garbage-first heap   total 216064K, used 124119K [0x0000000080000000, 0x0000000100000000)
  region size 1024K, 36 young (36864K), 4 survivors (4096K)
 Metaspace       used 114958K, capacity 117273K, committed 118912K, reserved 1153024K
  class space    used 13978K, capacity 14787K, committed 15232K, reserved 1048576K
}
Event: 12778.844 GC heap after
{Heap after GC invocations=78 (full 0):
 garbage-first heap   total 216064K, used 94178K [0x0000000080000000, 0x0000000100000000)
  region size 1024K, 5 young (5120K), 5 survivors (5120K)
 Metaspace       used 114958K, capacity 117273K, committed 118912K, reserved 1153024K
  class space    used 13978K, capacity 14787K, committed 15232K, reserved 1048576K
}
Event: 12780.765 GC heap before
{Heap before GC invocations=78 (full 0):
 garbage-first heap   total 216064K, used 131042K [0x0000000080000000, 0x0000000100000000)
  region size 1024K, 41 young (41984K), 5 survivors (5120K)
 Metaspace       used 115721K, capacity 118040K, committed 119168K, reserved 1153024K
  class space    used 14073K, capacity 14906K, committed 15232K, reserved 1048576K
}
Event: 12780.933 GC heap after
{Heap after GC invocations=79 (full 0):
 garbage-first heap   total 216064K, used 97703K [0x0000000080000000, 0x0000000100000000)
  region size 1024K, 6 young (6144K), 6 survivors (6144K)
 Metaspace       used 115721K, capacity 118040K, committed 119168K, reserved 1153024K
  class space    used 14073K, capacity 14906K, committed 15232K, reserved 1048576K
}
Event: 12783.217 GC heap before
{Heap before GC invocations=80 (full 0):
 garbage-first heap   total 216064K, used 118183K [0x0000000080000000, 0x0000000100000000)
  region size 1024K, 27 young (27648K), 6 survivors (6144K)
 Metaspace       used 117062K, capacity 119485K, committed 120320K, reserved 1155072K
  class space    used 14273K, capacity 15129K, committed 15360K, reserved 1048576K
}
Event: 12783.305 GC heap after
{Heap after GC invocations=81 (full 0):
 garbage-first heap   total 216064K, used 99924K [0x0000000080000000, 0x0000000100000000)
  region size 1024K, 2 young (2048K), 2 survivors (2048K)
 Metaspace       used 117062K, capacity 119485K, committed 120320K, reserved 1155072K
  class space    used 14273K, capacity 15129K, committed 15360K, reserved 1048576K
}
Event: 12786.297 GC heap before
{Heap before GC invocations=81 (full 0):
 garbage-first heap   total 216064K, used 129620K [0x0000000080000000, 0x0000000100000000)
  region size 1024K, 32 young (32768K), 2 survivors (2048K)
 Metaspace       used 117810K, capacity 120172K, committed 120960K, reserved 1155072K
  class space    used 14363K, capacity 15204K, committed 15488K, reserved 1048576K
}
Event: 12786.361 GC heap after
{Heap after GC invocations=82 (full 0):
 garbage-first heap   total 216064K, used 100830K [0x0000000080000000, 0x0000000100000000)
  region size 1024K, 3 young (3072K), 3 survivors (3072K)
 Metaspace       used 117810K, capacity 120172K, committed 120960K, reserved 1155072K
  class space    used 14363K, capacity 15204K, committed 15488K, reserved 1048576K
}
Event: 12791.086 GC heap before
{Heap before GC invocations=83 (full 0):
 garbage-first heap   total 216064K, used 131550K [0x0000000080000000, 0x0000000100000000)
  region size 1024K, 34 young (34816K), 3 survivors (3072K)
 Metaspace       used 118236K, capacity 120618K, committed 121472K, reserved 1155072K
  class space    used 14399K, capacity 15242K, committed 15488K, reserved 1048576K
}
Event: 12791.180 GC heap after
{Heap after GC invocations=84 (full 0):
 garbage-first heap   total 216064K, used 102307K [0x0000000080000000, 0x0000000100000000)
  region size 1024K, 3 young (3072K), 3 survivors (3072K)
 Metaspace       used 118236K, capacity 120618K, committed 121472K, reserved 1155072K
  class space    used 14399K, capacity 15242K, committed 15488K, reserved 1048576K
}
Event: 12796.226 GC heap before
{Heap before GC invocations=84 (full 0):
 garbage-first heap   total 216064K, used 140195K [0x0000000080000000, 0x0000000100000000)
  region size 1024K, 40 young (40960K), 3 survivors (3072K)
 Metaspace       used 118386K, capacity 120749K, committed 121472K, reserved 1155072K
  class space    used 14399K, capacity 15242K, committed 15488K, reserved 1048576K
}
Event: 12796.912 GC heap after
{Heap after GC invocations=85 (full 0):
 garbage-first heap   total 216064K, used 107591K [0x0000000080000000, 0x0000000100000000)
  region size 1024K, 5 young (5120K), 5 survivors (5120K)
 Metaspace       used 118386K, capacity 120749K, committed 121472K, reserved 1155072K
  class space    used 14399K, capacity 15242K, committed 15488K, reserved 1048576K
}
Event: 12798.536 GC heap before
{Heap before GC invocations=85 (full 0):
 garbage-first heap   total 216064K, used 132167K [0x0000000080000000, 0x0000000100000000)
  region size 1024K, 27 young (27648K), 5 survivors (5120K)
 Metaspace       used 118417K, capacity 120749K, committed 121472K, reserved 1155072K
  class space    used 14399K, capacity 15242K, committed 15488K, reserved 1048576K
}
Event: 12799.035 GC heap after
{Heap after GC invocations=86 (full 0):
 garbage-first heap   total 216064K, used 115176K [0x0000000080000000, 0x0000000100000000)
  region size 1024K, 4 young (4096K), 4 survivors (4096K)
 Metaspace       used 118417K, capacity 120749K, committed 121472K, reserved 1155072K
  class space    used 14399K, capacity 15242K, committed 15488K, reserved 1048576K
}
Event: 12800.713 GC heap before
{Heap before GC invocations=86 (full 0):
 garbage-first heap   total 216064K, used 128488K [0x0000000080000000, 0x0000000100000000)
  region size 1024K, 17 young (17408K), 4 survivors (4096K)
 Metaspace       used 118453K, capacity 120813K, committed 121472K, reserved 1155072K
  class space    used 14399K, capacity 15242K, committed 15488K, reserved 1048576K
}
Event: 12800.878 GC heap after
{Heap after GC invocations=87 (full 0):
 garbage-first heap   total 216064K, used 118464K [0x0000000080000000, 0x0000000100000000)
  region size 1024K, 3 young (3072K), 3 survivors (3072K)
 Metaspace       used 118453K, capacity 120813K, committed 121472K, reserved 1155072K
  class space    used 14399K, capacity 15242K, committed 15488K, reserved 1048576K
}
Event: 12825.748 GC heap before
{Heap before GC invocations=87 (full 0):
 garbage-first heap   total 216064K, used 130752K [0x0000000080000000, 0x0000000100000000)
  region size 1024K, 15 young (15360K), 3 survivors (3072K)
 Metaspace       used 118507K, capacity 120879K, committed 121728K, reserved 1155072K
  class space    used 14406K, capacity 15243K, committed 15488K, reserved 1048576K
}
Event: 12825.963 GC heap after
{Heap after GC invocations=88 (full 0):
 garbage-first heap   total 216064K, used 120272K [0x0000000080000000, 0x0000000100000000)
  region size 1024K, 2 young (2048K), 2 survivors (2048K)
 Metaspace       used 118507K, capacity 120879K, committed 121728K, reserved 1155072K
  class space    used 14406K, capacity 15243K, committed 15488K, reserved 1048576K
}

Deoptimization events (20 events):
Event: 12826.371 Thread 0x00000238bb517800 Uncommon trap: trap_request=0xffffff4d fr.pc=0x00000238a3787790 relative=0x0000000000000290
Event: 12826.371 Thread 0x00000238bb517800 Uncommon trap: reason=unstable_if action=reinterpret pc=0x00000238a3787790 method=org.apache.xerces.impl.XMLEntityScanner.skipSpaces()Z @ 70 c2
Event: 12826.371 Thread 0x00000238bb517800 DEOPT PACKING pc=0x00000238a3787790 sp=0x0000009a88ffaa50
Event: 12826.371 Thread 0x00000238bb517800 DEOPT UNPACKING pc=0x000002389b9374af sp=0x0000009a88ffa9e0 mode 2
Event: 12826.395 Thread 0x00000238bb517800 Uncommon trap: trap_request=0xffffff4d fr.pc=0x00000238a385dc2c relative=0x00000000000007cc
Event: 12826.397 Thread 0x00000238bb517800 Uncommon trap: reason=unstable_if action=reinterpret pc=0x00000238a385dc2c method=com.android.utils.PositionXmlParser$DomBuilder.getCurrentPosition()Lcom/android/utils/PositionXmlParser$Position; @ 65 c2
Event: 12826.398 Thread 0x00000238bb517800 DEOPT PACKING pc=0x00000238a385dc2c sp=0x0000009a88ffa830
Event: 12826.398 Thread 0x00000238bb517800 DEOPT UNPACKING pc=0x000002389b9374af sp=0x0000009a88ffa7b8 mode 2
Event: 12826.403 Thread 0x00000238bb517800 Uncommon trap: trap_request=0xffffff4d fr.pc=0x00000238a3917a90 relative=0x0000000000000a70
Event: 12826.403 Thread 0x00000238bb517800 Uncommon trap: reason=unstable_if action=reinterpret pc=0x00000238a3917a90 method=org.apache.xerces.impl.XMLEntityScanner.scanContent(Lorg/apache/xerces/xni/XMLString;)I @ 134 c2
Event: 12826.403 Thread 0x00000238bb517800 DEOPT PACKING pc=0x00000238a3917a90 sp=0x0000009a88ffa8e0
Event: 12826.405 Thread 0x00000238bb517800 DEOPT UNPACKING pc=0x000002389b9374af sp=0x0000009a88ffa878 mode 2
Event: 12826.558 Thread 0x00000238bb517800 Uncommon trap: trap_request=0xffffff4d fr.pc=0x00000238a3a89900 relative=0x00000000000004e0
Event: 12826.558 Thread 0x00000238bb517800 Uncommon trap: reason=unstable_if action=reinterpret pc=0x00000238a3a89900 method=org.apache.xerces.impl.XMLEntityScanner.skipString(Ljava/lang/String;)Z @ 65 c2
Event: 12826.558 Thread 0x00000238bb517800 DEOPT PACKING pc=0x00000238a3a89900 sp=0x0000009a88ffaa80
Event: 12826.559 Thread 0x00000238bb517800 DEOPT UNPACKING pc=0x000002389b9374af sp=0x0000009a88ffaa40 mode 2
Event: 12826.559 Thread 0x00000238bb517800 Uncommon trap: trap_request=0xffffff4d fr.pc=0x00000238a388cb20 relative=0x00000000000009e0
Event: 12826.566 Thread 0x00000238bb517800 Uncommon trap: reason=unstable_if action=reinterpret pc=0x00000238a388cb20 method=com.android.utils.PositionXmlParser$DomBuilder.findOpeningTag(Lcom/android/utils/PositionXmlParser$Position;)Lcom/android/utils/PositionXmlParser$Position; @ 81 c2
Event: 12826.568 Thread 0x00000238bb517800 DEOPT PACKING pc=0x00000238a388cb20 sp=0x0000009a88ffa840
Event: 12826.569 Thread 0x00000238bb517800 DEOPT UNPACKING pc=0x000002389b9374af sp=0x0000009a88ffa7b8 mode 2

Classes redefined (0 events):
No events

Internal exceptions (20 events):
Event: 12780.445 Thread 0x00000238b7b39800 Exception <a 'sun/nio/fs/WindowsException'{0x000000008b5be960}> (0x000000008b5be960) thrown at [./src/hotspot/share/prims/jni.cpp, line 615]
Event: 12780.757 Thread 0x00000238b7b39800 Exception <a 'java/lang/NoSuchMethodError'{0x000000008aaf6520}: 'java.lang.Object java.lang.invoke.Invokers$Holder.linkToTargetMethod(java.lang.Object, int, int, java.lang.Object)'> (0x000000008aaf6520) thrown at [./src/hotspot/share/interpreter/linkResolver.cpp, line 773]
Event: 12782.151 Thread 0x00000238b7b39800 Implicit null exception at 0x00000238a35a302c to 0x00000238a35a3ab0
Event: 12782.154 Thread 0x00000238b7b39800 Implicit null exception at 0x00000238a361413c to 0x00000238a3614c40
Event: 12782.191 Thread 0x00000238b7b39800 Exception <a 'java/lang/NoSuchMethodError'{0x000000008cbe4d90}: <clinit>> (0x000000008cbe4d90) thrown at [./src/hotspot/share/prims/jni.cpp, line 1362]
Event: 12782.206 Thread 0x00000238b7b39800 Exception <a 'java/lang/NoSuchMethodError'{0x000000008ca0e770}: <clinit>> (0x000000008ca0e770) thrown at [./src/hotspot/share/prims/jni.cpp, line 1362]
Event: 12782.383 Thread 0x00000238b7b3d800 Exception <a 'java/lang/NoSuchMethodError'{0x000000008c801438}: <clinit>> (0x000000008c801438) thrown at [./src/hotspot/share/prims/jni.cpp, line 1362]
Event: 12782.385 Thread 0x00000238b7b3d800 Exception <a 'java/lang/NoSuchMethodError'{0x000000008c80aae8}: <clinit>> (0x000000008c80aae8) thrown at [./src/hotspot/share/prims/jni.cpp, line 1362]
Event: 12782.399 Thread 0x00000238b7b3d800 Exception <a 'java/lang/NoSuchMethodError'{0x000000008c820b80}: <clinit>> (0x000000008c820b80) thrown at [./src/hotspot/share/prims/jni.cpp, line 1362]
Event: 12782.404 Thread 0x00000238b7b3d800 Exception <a 'java/lang/NoSuchMethodError'{0x000000008c83cac8}: <clinit>> (0x000000008c83cac8) thrown at [./src/hotspot/share/prims/jni.cpp, line 1362]
Event: 12782.404 Thread 0x00000238b7b3d800 Exception <a 'java/lang/NoSuchMethodError'{0x000000008c83dda0}: <clinit>> (0x000000008c83dda0) thrown at [./src/hotspot/share/prims/jni.cpp, line 1362]
Event: 12782.412 Thread 0x00000238b7b39800 Exception <a 'java/lang/NoSuchMethodError'{0x000000008c9eb7e0}: 'java.lang.Object java.lang.invoke.Invokers$Holder.linkToTargetMethod(java.lang.Object, java.lang.Object, java.lang.Object, java.lang.Object, java.lang.Object, java.lang.Object, java.lang.Object, java.lang.Object)'> (0x000000008c9eb7e0) thrown at [./src/hotspot/share/interpreter/linkResolver.cpp, line 773]
Event: 12782.502 Thread 0x00000238bb51b000 Exception <a 'java/lang/NoSuchMethodError'{0x000000008c6c9470}: <clinit>> (0x000000008c6c9470) thrown at [./src/hotspot/share/prims/jni.cpp, line 1362]
Event: 12782.507 Thread 0x00000238bb51b000 Exception <a 'java/lang/NoSuchMethodError'{0x000000008c6eb218}: <clinit>> (0x000000008c6eb218) thrown at [./src/hotspot/share/prims/jni.cpp, line 1362]
Event: 12782.567 Thread 0x00000238b7b3d800 Exception <a 'java/lang/NoSuchMethodError'{0x000000008c5b6c40}: <clinit>> (0x000000008c5b6c40) thrown at [./src/hotspot/share/prims/jni.cpp, line 1362]
Event: 12782.739 Thread 0x00000238b7b3d800 Exception <a 'java/lang/NoSuchMethodError'{0x000000008c346c78}: <clinit>> (0x000000008c346c78) thrown at [./src/hotspot/share/prims/jni.cpp, line 1362]
Event: 12784.933 Thread 0x00000238b7b39800 Exception <a 'java/lang/NoSuchMethodError'{0x000000008c2b6700}: <clinit>> (0x000000008c2b6700) thrown at [./src/hotspot/share/prims/jni.cpp, line 1362]
Event: 12794.596 Thread 0x00000238bb517800 Implicit null exception at 0x00000238a3d19f68 to 0x00000238a3d1a198
Event: 12797.068 Thread 0x00000238bb517800 Implicit null exception at 0x00000238a3d14bf4 to 0x00000238a3d14e4c
Event: 12797.069 Thread 0x00000238bb517800 Implicit null exception at 0x00000238a3a32cf4 to 0x00000238a3a32f4c

Events (20 events):
Event: 12829.012 Executing VM operation: CGC_Operation done
Event: 12829.032 Executing VM operation: RevokeBias
Event: 12829.055 Executing VM operation: RevokeBias done
Event: 12829.076 Thread 0x00000238b7b3a800 Thread exited: 0x00000238b7b3a800
Event: 12829.412 loading class com/google/common/collect/HashBasedTable
Event: 12829.412 loading class com/google/common/collect/HashBasedTable done
Event: 12829.479 Executing VM operation: Deoptimize
Event: 12829.546 Executing VM operation: Deoptimize done
Event: 12829.563 loading class com/google/common/collect/HashBasedTable$Factory
Event: 12829.564 loading class com/google/common/collect/HashBasedTable$Factory done
Event: 12829.590 loading class com/google/common/collect/LinkedListMultimap$1ValuesImpl
Event: 12829.590 loading class com/google/common/collect/LinkedListMultimap$1ValuesImpl done
Event: 12829.602 loading class com/google/common/collect/LinkedListMultimap$NodeIterator
Event: 12829.602 loading class com/google/common/collect/LinkedListMultimap$NodeIterator done
Event: 12829.612 loading class com/google/common/collect/LinkedListMultimap$1ValuesImpl$1
Event: 12829.612 loading class com/google/common/collect/LinkedListMultimap$1ValuesImpl$1 done
Event: 12829.619 loading class com/google/common/collect/TransformedListIterator
Event: 12829.619 loading class com/google/common/collect/TransformedListIterator done
Event: 12829.632 Executing VM operation: Deoptimize
Event: 12829.643 Executing VM operation: Deoptimize done


Dynamic libraries:
0x00007ff7a7c10000 - 0x00007ff7a7c1a000 	C:\Program Files\Android\Android Studio\jre\bin\java.exe
0x00007ffeda190000 - 0x00007ffeda385000 	C:\WINDOWS\SYSTEM32\ntdll.dll
0x00007ffed8290000 - 0x00007ffed834e000 	C:\WINDOWS\System32\KERNEL32.DLL
0x00007ffed7d70000 - 0x00007ffed8039000 	C:\WINDOWS\System32\KERNELBASE.dll
0x00007ffed80e0000 - 0x00007ffed81e0000 	C:\WINDOWS\System32\ucrtbase.dll
0x00007ffeb87b0000 - 0x00007ffeb87c9000 	C:\Program Files\Android\Android Studio\jre\bin\jli.dll
0x00007ffeb7cf0000 - 0x00007ffeb7d07000 	C:\Program Files\Android\Android Studio\jre\bin\VCRUNTIME140.dll
0x00007ffed8c10000 - 0x00007ffed8db1000 	C:\WINDOWS\System32\USER32.dll
0x00007ffed7a70000 - 0x00007ffed7a92000 	C:\WINDOWS\System32\win32u.dll
0x00007ffed95c0000 - 0x00007ffed95eb000 	C:\WINDOWS\System32\GDI32.dll
0x00007ffed78b0000 - 0x00007ffed79bb000 	C:\WINDOWS\System32\gdi32full.dll
0x00007ffed8040000 - 0x00007ffed80dd000 	C:\WINDOWS\System32\msvcp_win.dll
0x00007ffecc880000 - 0x00007ffeccb1a000 	C:\WINDOWS\WinSxS\amd64_microsoft.windows.common-controls_6595b64144ccf1df_6.0.19041.1110_none_60b5254171f9507e\COMCTL32.dll
0x00007ffed85e0000 - 0x00007ffed867e000 	C:\WINDOWS\System32\msvcrt.dll
0x00007ffed83b0000 - 0x00007ffed83e0000 	C:\WINDOWS\System32\IMM32.DLL
0x00007ffeb47e0000 - 0x00007ffeb487d000 	C:\Program Files\Android\Android Studio\jre\bin\msvcp140.dll
0x00007ffe64640000 - 0x00007ffe650fc000 	C:\Program Files\Android\Android Studio\jre\bin\server\jvm.dll
0x00007ffed81e0000 - 0x00007ffed828c000 	C:\WINDOWS\System32\ADVAPI32.dll
0x00007ffed83e0000 - 0x00007ffed847b000 	C:\WINDOWS\System32\sechost.dll
0x00007ffed9350000 - 0x00007ffed947a000 	C:\WINDOWS\System32\RPCRT4.dll
0x00007ffed8ae0000 - 0x00007ffed8ae8000 	C:\WINDOWS\System32\PSAPI.DLL
0x00007ffecc5f0000 - 0x00007ffecc617000 	C:\WINDOWS\SYSTEM32\WINMM.dll
0x00007ffed0be0000 - 0x00007ffed0bea000 	C:\WINDOWS\SYSTEM32\VERSION.dll
0x00007ffecafe0000 - 0x00007ffecafe9000 	C:\WINDOWS\SYSTEM32\WSOCK32.dll
0x00007ffed89f0000 - 0x00007ffed8a5b000 	C:\WINDOWS\System32\ws2_32.DLL
0x00007ffed5660000 - 0x00007ffed5672000 	C:\WINDOWS\SYSTEM32\kernel.appcore.dll
0x00007ffeb8790000 - 0x00007ffeb87a1000 	C:\Program Files\Android\Android Studio\jre\bin\verify.dll
0x00007ffed5370000 - 0x00007ffed5554000 	C:\WINDOWS\SYSTEM32\DBGHELP.DLL
0x00007ffece090000 - 0x00007ffece0bc000 	C:\WINDOWS\SYSTEM32\dbgcore.DLL
0x00007ffed7cb0000 - 0x00007ffed7d33000 	C:\WINDOWS\System32\bcryptPrimitives.dll
0x00007ffeb8600000 - 0x00007ffeb8629000 	C:\Program Files\Android\Android Studio\jre\bin\java.dll
0x00007ffed1150000 - 0x00007ffed115b000 	C:\Program Files\Android\Android Studio\jre\bin\jimage.dll
0x00007ffeb8090000 - 0x00007ffeb80a8000 	C:\Program Files\Android\Android Studio\jre\bin\zip.dll
0x00007ffed9a10000 - 0x00007ffeda14f000 	C:\WINDOWS\System32\SHELL32.dll
0x00007ffed6660000 - 0x00007ffed6df0000 	C:\WINDOWS\SYSTEM32\windows.storage.dll
0x00007ffed9650000 - 0x00007ffed99a5000 	C:\WINDOWS\System32\combase.dll
0x00007ffed7300000 - 0x00007ffed732c000 	C:\WINDOWS\SYSTEM32\Wldp.dll
0x00007ffed8530000 - 0x00007ffed85de000 	C:\WINDOWS\System32\SHCORE.dll
0x00007ffed8e70000 - 0x00007ffed8ec5000 	C:\WINDOWS\System32\shlwapi.dll
0x00007ffed77f0000 - 0x00007ffed780f000 	C:\WINDOWS\SYSTEM32\profapi.dll
0x00007ffeb7c60000 - 0x00007ffeb7c7a000 	C:\Program Files\Android\Android Studio\jre\bin\net.dll
0x00007ffecdcc0000 - 0x00007ffecddc8000 	C:\WINDOWS\SYSTEM32\WINHTTP.dll
0x00007ffed6590000 - 0x00007ffed65fa000 	C:\WINDOWS\system32\mswsock.dll
0x00007ffeb7c40000 - 0x00007ffeb7c54000 	C:\Program Files\Android\Android Studio\jre\bin\nio.dll
0x00007ffeb5c20000 - 0x00007ffeb5c47000 	C:\Users\nekra\.gradle\native\fdc75f09e3144964f2cf3f50f0aa648679c211496f362492102eb8c894070792\windows-amd64\native-platform.dll
0x00007ffe8d660000 - 0x00007ffe8d7f6000 	C:\Users\nekra\.gradle\native\12488b8bf47d2d4c9fbf2f6322a914ad602e24e48041cd04a747c6da556b65c4\windows-amd64\native-platform-file-events.dll
0x00007ffecfcb0000 - 0x00007ffecfcba000 	C:\Program Files\Android\Android Studio\jre\bin\management.dll
0x00007ffec6480000 - 0x00007ffec648c000 	C:\Program Files\Android\Android Studio\jre\bin\management_ext.dll
0x00007ffed7250000 - 0x00007ffed7268000 	C:\WINDOWS\SYSTEM32\CRYPTSP.dll
0x00000000566e0000 - 0x00000000566f1000 	C:\Program Files\Common Files\Crypto Pro\AppCompat\cpadvai.dll
0x0000000056700000 - 0x0000000056707000 	C:\Program Files\Common Files\Crypto Pro\AppCompat\detoured.dll
0x00007ffed5ea0000 - 0x00007ffed5ed4000 	C:\WINDOWS\system32\rsaenh.dll
0x00007ffed7d40000 - 0x00007ffed7d67000 	C:\WINDOWS\System32\bcrypt.dll
0x00007ffed77b0000 - 0x00007ffed77de000 	C:\WINDOWS\SYSTEM32\USERENV.dll
0x00007ffed7270000 - 0x00007ffed727c000 	C:\WINDOWS\SYSTEM32\CRYPTBASE.dll
0x00007ffed6230000 - 0x00007ffed626b000 	C:\WINDOWS\SYSTEM32\IPHLPAPI.DLL
0x00007ffed8760000 - 0x00007ffed8768000 	C:\WINDOWS\System32\NSI.dll
0x00007ffece710000 - 0x00007ffece727000 	C:\WINDOWS\SYSTEM32\dhcpcsvc6.DLL
0x00007ffece960000 - 0x00007ffece97d000 	C:\WINDOWS\SYSTEM32\dhcpcsvc.DLL
0x00007ffed6270000 - 0x00007ffed633c000 	C:\WINDOWS\SYSTEM32\DNSAPI.dll
0x00007ffeceaf0000 - 0x00007ffeceafb000 	C:\WINDOWS\SYSTEM32\WINNSI.DLL
0x00007ffeb5f60000 - 0x00007ffeb5f87000 	C:\Program Files\Android\Android Studio\jre\bin\sunec.dll
0x00007ffece950000 - 0x00007ffece95a000 	C:\Windows\System32\rasadhlp.dll
0x00007ffecc3b0000 - 0x00007ffecc42f000 	C:\WINDOWS\System32\fwpuclnt.dll

dbghelp: loaded successfully - version: 4.0.5 - missing functions: none
symbol engine: initialized successfully - sym options: 0x614 - pdb path: .;C:\Program Files\Android\Android Studio\jre\bin;C:\WINDOWS\SYSTEM32;C:\WINDOWS\WinSxS\amd64_microsoft.windows.common-controls_6595b64144ccf1df_6.0.19041.1110_none_60b5254171f9507e;C:\Program Files\Android\Android Studio\jre\bin\server;C:\Users\nekra\.gradle\native\fdc75f09e3144964f2cf3f50f0aa648679c211496f362492102eb8c894070792\windows-amd64;C:\Users\nekra\.gradle\native\12488b8bf47d2d4c9fbf2f6322a914ad602e24e48041cd04a747c6da556b65c4\windows-amd64;C:\Program Files\Common Files\Crypto Pro\AppCompat

VM Arguments:
jvm_args: --add-opens=java.base/java.util=ALL-UNNAMED --add-opens=java.base/java.lang=ALL-UNNAMED --add-opens=java.base/java.lang.invoke=ALL-UNNAMED --add-opens=java.prefs/java.util.prefs=ALL-UNNAMED -Xmx2048m -Dfile.encoding=UTF-8 -Duser.country=RU -Duser.language=ru -Duser.variant 
java_command: org.gradle.launcher.daemon.bootstrap.GradleDaemon 6.7.1
java_class_path (initial): C:\Users\nekra\.gradle\wrapper\dists\gradle-6.7.1-bin\bwlcbys1h7rz3272sye1xwiv6\gradle-6.7.1\lib\gradle-launcher-6.7.1.jar
Launcher Type: SUN_STANDARD

[Global flags]
     intx CICompilerCount                          = 3                                         {product} {ergonomic}
     uint ConcGCThreads                            = 1                                         {product} {ergonomic}
     uint G1ConcRefinementThreads                  = 4                                         {product} {ergonomic}
   size_t G1HeapRegionSize                         = 1048576                                   {product} {ergonomic}
    uintx GCDrainStackTargetSize                   = 64                                        {product} {ergonomic}
   size_t InitialHeapSize                          = 67108864                                  {product} {ergonomic}
   size_t MarkStackSize                            = 4194304                                   {product} {ergonomic}
   size_t MaxHeapSize                              = 2147483648                                {product} {command line}
   size_t MaxNewSize                               = 1287651328                                {product} {ergonomic}
   size_t MinHeapDeltaBytes                        = 1048576                                   {product} {ergonomic}
    uintx NonNMethodCodeHeapSize                   = 5830732                                {pd product} {ergonomic}
    uintx NonProfiledCodeHeapSize                  = 122913754                              {pd product} {ergonomic}
    uintx ProfiledCodeHeapSize                     = 122913754                              {pd product} {ergonomic}
    uintx ReservedCodeCacheSize                    = 251658240                              {pd product} {ergonomic}
     bool SegmentedCodeCache                       = true                                      {product} {ergonomic}
     bool UseCompressedClassPointers               = true                                 {lp64_product} {ergonomic}
     bool UseCompressedOops                        = true                                 {lp64_product} {ergonomic}
     bool UseG1GC                                  = true                                      {product} {ergonomic}
     bool UseLargePagesIndividualAllocation        = false                                  {pd product} {ergonomic}

Logging:
Log output configuration:
 #0: stdout all=warning uptime,level,tags
 #1: stderr all=off uptime,level,tags

Environment Variables:
PATH=C:\Program Files (x86)\Intel\iCLS Client\;C:\Program Files\Intel\iCLS Client\;C:\Windows\System32;C:\Windows;C:\Windows\System32\wbem;C:\Windows\System32\WindowsPowerShell\v1.0\;C:\Windows\System32;C:\Windows;C:\Windows\System32\wbem;C:\Windows\System32\WindowsPowerShell\v1.0\;C:\Windows\System32\OpenSSH\;C:\Program Files (x86)\Intel\Intel(R) Management Engine Components\DAL;C:\Program Files\Intel\Intel(R) Management Engine Components\DAL;C:\Program Files (x86)\Intel\Intel(R) Management Engine Components\IPT;C:\Program Files\Intel\Intel(R) Management Engine Components\IPT;C:\Program Files\Aladdin\eToken\PKIClient\x32;C:\Program Files\Aladdin\eToken\PKIClient\x64;C:\Program Files (x86)\Gpg4win\..\GnuPG\bin;C:\Program Files\Git\cmd;C:\ProgramData\AutomationBox\MouseRobot2\Application;C:\ProgramData\AutomationBox\MouseRobot2\Application\tools;C:\Users\nekra\AppData\Local\Microsoft\WindowsApps;C:\chromedriver_win32\chromedriver.exe;
USERNAME=nekra
OS=Windows_NT
PROCESSOR_IDENTIFIER=Intel64 Family 6 Model 78 Stepping 3, GenuineIntel



---------------  S Y S T E M  ---------------

OS: Windows 10 , 64 bit Build 19041 (10.0.19041.1202)
OS uptime: 6 days 2:05 hours

CPU:total 4 (initial active 4) (2 cores per cpu, 2 threads per core) family 6 model 78 stepping 3, cmov, cx8, fxsr, mmx, sse, sse2, sse3, ssse3, sse4.1, sse4.2, popcnt, avx, avx2, aes, clmul, erms, 3dnowpref, lzcnt, ht, tsc, tscinvbit, bmi1, bmi2, adx, fma

Memory: 4k page, system-wide physical 3993M (18M free)
TotalPageFile size 16281M (AvailPageFile size 5M)
current process WorkingSet (physical memory assigned to process): 171M, peak: 434M
current process commit charge ("private bytes"): 551M, peak: 558M

vm_info: OpenJDK 64-Bit Server VM (11.0.8+10-b944.6842174) for windows-amd64 JRE (11.0.8+10-b944.6842174), built on Sep 19 2020 01:11:42 by "builder" with MS VC++ 14.0 (VS2015)

END.
